<?xml version="1.0" encoding="UTF-8"?>
<testsuite name="SolverTest" tests="1" skipped="0" failures="0" errors="0" timestamp="2020-06-15T16:26:09" hostname="LAPTOP-016GJG3B" time="0.779">
  <properties/>
  <testcase name="start" classname="SolverTest" time="0.779"/>
  <system-out><![CDATA[?[1;31m
Start test 1?[0m
Retrieving coefficients
1.00 1.00 2.00 9.00 
2.00 4.00 -3.00 1.00 
3.00 6.00 -5.00 0 

reducing to echelon: 
1.00 1.00 2.00 9.00 
0 1.00 -3.50 -8.50 
0 0 1.00 3.00 


checking no solution
one solution

reducing to reduced row
1.00 0 0 1.00 
0 1.00 0 2.00 
0 0 1.00 3.00 


Solution = [1.00, 2.00, 3.00]
created: out.txt
Writing to file:
1.00
2.00
3.00
1.00 0
2.00 0
3.00 0
?[1;31m
Start test 2?[0m
Retrieving coefficients
1.00 0 1.00 
0 1.00 1.00 

reducing to echelon: 
1.00 0 1.00 
0 1.00 1.00 


checking no solution
one solution

reducing to reduced row
1.00 0 1.00 
0 1.00 1.00 


Solution = [1.00, 1.00]
created: out.txt
Writing to file:
1.00
1.00
1.00 0
1.00 0
?[1;31m
Start test 3?[0m
Retrieving coefficients
1.00 0 1.00 
0 1.00 1.00 

reducing to echelon: 
1.00 0 1.00 
0 1.00 1.00 


checking no solution
one solution

reducing to reduced row
1.00 0 1.00 
0 1.00 1.00 


Solution = [1.00, 1.00]
created: out.txt
Writing to file:
1.00
1.00
1.00 0
1.00 0
?[1;31m
Start test 4?[0m
Retrieving coefficients
1.00 0 1.00 
0 1.00 1.00 

reducing to echelon: 
1.00 0 1.00 
0 1.00 1.00 


checking no solution
one solution

reducing to reduced row
1.00 0 1.00 
0 1.00 1.00 


Solution = [1.00, 1.00]
created: output.txt
Writing to file:
1.00
1.00
1.00 0
1.00 0
?[1;31m
Start test 5?[0m
Retrieving coefficients
1.00 0 2.00 
0 1.00 2.00 

reducing to echelon: 
1.00 0 2.00 
0 1.00 2.00 


checking no solution
one solution

reducing to reduced row
1.00 0 2.00 
0 1.00 2.00 


Solution = [2.00, 2.00]
created: out.txt
Writing to file:
2.00
2.00
2.00 0
2.00 0
?[1;31m
Start test 6?[0m
Retrieving coefficients
2.00 0 2.00 
0 2.00 2.00 

reducing to echelon: 
1.00 0 1.00 
0 1.00 1.00 


checking no solution
one solution

reducing to reduced row
1.00 0 1.00 
0 1.00 1.00 


Solution = [1.00, 1.00]
created: out.txt
Writing to file:
1.00
1.00
1.00 0
1.00 0
?[1;31m
Start test 7?[0m
Retrieving coefficients
1.00 2.00 1.00 
3.00 4.00 1.00 

reducing to echelon: 
1.00 2.00 1.00 
0 1.00 1.00 


checking no solution
one solution

reducing to reduced row
1.00 0 -1.00 
0 1.00 1.00 


Solution = [-1.00, 1.00]
created: out.txt
Writing to file:
-1.00
1.00
-1.00 0
1.00 0
?[1;31m
Start test 8?[0m
Retrieving coefficients
26.00 90.00 17.00 67.00 68.00 9.00 60.00 38.00 37.00 38.00 76.00 14.00 33.00 94.00 88.00 58.00 99.00 84.00 9.00 45.00 18.00 
37.00 34.00 20.00 53.00 10.00 61.00 75.00 49.00 91.00 84.00 55.00 84.00 84.00 81.00 30.00 22.00 42.00 76.00 33.00 27.00 2.00 
99.00 69.00 63.00 57.00 39.00 45.00 33.00 43.00 99.00 26.00 25.00 24.00 80.00 91.00 62.00 90.00 54.00 77.00 88.00 32.00 94.00 
37.00 40.00 14.00 5.00 47.00 30.00 5.00 21.00 36.00 77.00 57.00 38.00 29.00 3.00 61.00 12.00 81.00 19.00 39.00 56.00 9.00 
36.00 73.00 71.00 39.00 9.00 9.00 31.00 10.00 84.00 7.00 13.00 45.00 9.00 34.00 2.00 14.00 88.00 43.00 17.00 4.00 86.00 
31.00 29.00 76.00 89.00 26.00 35.00 11.00 55.00 37.00 5.00 41.00 96.00 19.00 18.00 100.00 20.00 21.00 49.00 83.00 5.00 20.00 
18.00 18.00 25.00 70.00 79.00 74.00 30.00 66.00 41.00 93.00 63.00 2.00 90.00 4.00 46.00 1.00 77.00 89.00 21.00 47.00 52.00 
32.00 62.00 27.00 80.00 57.00 10.00 35.00 44.00 97.00 18.00 58.00 19.00 5.00 81.00 33.00 54.00 83.00 66.00 25.00 75.00 75.00 
56.00 53.00 13.00 91.00 30.00 11.00 72.00 52.00 13.00 86.00 73.00 88.00 94.00 20.00 25.00 77.00 90.00 75.00 73.00 52.00 36.00 
63.00 9.00 40.00 40.00 35.00 90.00 55.00 92.00 12.00 98.00 34.00 37.00 64.00 21.00 67.00 91.00 15.00 65.00 82.00 87.00 30.00 
71.00 5.00 65.00 64.00 6.00 20.00 9.00 81.00 40.00 56.00 39.00 93.00 74.00 55.00 83.00 81.00 74.00 2.00 58.00 86.00 58.00 
13.00 50.00 31.00 86.00 73.00 36.00 83.00 27.00 37.00 96.00 37.00 28.00 75.00 91.00 15.00 78.00 90.00 56.00 57.00 18.00 18.00 
34.00 9.00 51.00 11.00 92.00 54.00 25.00 91.00 61.00 69.00 37.00 37.00 89.00 91.00 95.00 50.00 10.00 16.00 69.00 71.00 66.00 
25.00 16.00 79.00 36.00 6.00 28.00 51.00 100.00 5.00 28.00 97.00 23.00 44.00 32.00 50.00 2.00 96.00 18.00 5.00 48.00 44.00 
80.00 38.00 47.00 96.00 41.00 72.00 85.00 79.00 2.00 3.00 96.00 14.00 2.00 65.00 97.00 38.00 76.00 73.00 88.00 59.00 89.00 
31.00 98.00 88.00 52.00 49.00 68.00 46.00 79.00 26.00 30.00 31.00 76.00 84.00 87.00 27.00 16.00 66.00 55.00 78.00 2.00 46.00 
57.00 2.00 32.00 78.00 70.00 7.00 95.00 56.00 77.00 97.00 49.00 14.00 74.00 7.00 85.00 48.00 83.00 59.00 71.00 5.00 44.00 
4.00 64.00 4.00 43.00 54.00 99.00 77.00 7.00 72.00 82.00 27.00 22.00 29.00 94.00 53.00 48.00 65.00 88.00 26.00 86.00 42.00 
69.00 59.00 62.00 63.00 42.00 29.00 73.00 18.00 82.00 78.00 48.00 60.00 84.00 73.00 84.00 9.00 82.00 53.00 14.00 1.00 12.00 
98.00 2.00 47.00 62.00 69.00 11.00 28.00 14.00 83.00 32.00 94.00 24.00 71.00 1.00 16.00 91.00 53.00 50.00 38.00 26.00 17.00 

reducing to echelon: 
1.00 3.46153846153846170 0.65384615384615390 2.5769230769230770 2.61538461538461540 0.346153846153846150 2.30769230769230750 1.46153846153846150 1.42307692307692310 1.46153846153846150 2.9230769230769230 0.53846153846153840 1.26923076923076920 3.61538461538461540 3.38461538461538460 2.2307692307692310 3.80769230769230750 3.2307692307692310 0.346153846153846150 1.73076923076923080 0.69230769230769230 
0 1.00 0.044562551103843010 0.45012264922322160 0.92232215862632860 -0.51226492232215860 0.11038430089942750 0.053965658217497910 -0.407604251839738250 -0.31807031888798040 0.56500408830744050 -0.68111201962387560 -0.393704006541291840 0.56091578086672110 1.01226492232215850 0.64349959116925590 1.0511038430089940 0.46279640228945220 -0.214636140637775950 0.393704006541291950 0.25102207686017980 
0 0 1.00 -7.158678073362240 3.10629321457869030 -12.3711473104418060 -15.7897574123989180 -8.305480682839170 -14.6615492792687140 -19.6591273096605230 -10.4864252509863650 -20.6124457986639950 -14.6581897730380 -10.8358920270323010 0.37954607601858660 4.32602836048282850 -3.3712645025196330 -11.1012930192585630 -0.479042150083986650 -3.01867260439860630 8.9974608383139910 
0 0 0 1.00 -0.53297108913610750 1.1035314517236640 1.7749107265485510 0.84105892047795630 1.51144245295975790 1.34254395000686680 0.70225587144622980 1.79036190083779620 1.51209483587419280 1.56202788078560650 -0.28571796456530650 -0.13866570526026630 -0.121008446641944490 1.35353145172366430 -0.0448427413816783960 -0.080766721604175460 -0.64755013047658260 
0 0 0 0 1.00 -12.2071963466574670 -8.6995629787827010 -5.3694745326737490 -13.4346210239189750 -25.838056203184380 -12.4089268355768250 -23.3609842883381840 -9.705836794917590 1.9813247435109310 -0.35448569386422010 10.9614130738570650 -11.4547854534414080 -3.3533776120642250 -1.72095112063380480 -7.4729547932922710 8.7816612495175510 
0 0 0 0 0 1.00 0.63786541047824450 0.459631517179406040 1.01902840175776530 2.1554342931142360 1.0854803275482090 1.9347630535607770 0.75358717949643470 -0.251101578552587130 0.17761833808496080 -0.90656464872594130 0.98290680639028570 0.236464428776390620 0.204285049388953060 0.6752350965266010 -0.77515759410819680 
0 0 0 0 0 0 1.00 -0.8148445161500920 1.57830069533585230 -2.30716942752142450 -3.8268255072407680 -7.9340785810168010 2.49139096623582730 1.18813363953312570 -7.2494526422386090 0.78363160180635350 0.147196602964166280 2.5482414703532380 -4.0286052049528140 -1.82316415118245280 7.1494791574321930 
0 0 0 0 0 0 0 1.00 -18.6810336832767940 -2.0108116466023750 2.28198777495716460 5.2683577911515550 3.58213934050515850 0.176182896660064950 21.4172321699463630 2.93762484977691370 -9.1618892913034580 -4.6192001275673756E-40 6.7080020119365840 -9.3376469068691550 -19.0598798468825840 
0 0 0 0 0 0 0 0 1.00 1.58585795471214320 0.5734040083471010 1.14012324524271770 -0.094702563906274670 -1.61327085972276360 -1.74877572616220660 -0.75542658737956540 1.87195337450031780 -0.40573877491001970 -0.0099786883526087450 1.29037568605866040 1.13881256948114330 
0 0 0 0 0 0 0 0 0 1.00 0.43138041610299470 0.8850174902491430 0.171123917441102920 -1.12242732810899830 -0.50646927948259670 -0.45270430551312210 0.96776967835676110 -0.23653383397733060 0.18761599317678710 0.44705328891893530 0.161171669257484080 
0 0 0 0 0 0 0 0 0 0 1.00 -1.77953514653481860 11.1272070063380610 10.4845053213159980 7.8777749421745870 -2.35671050547365860 2.1473243519411580 1.07148943368050850 -6.7302932455334570 -6.3375947787202870 -4.1860678689967490 
0 0 0 0 0 0 0 0 0 0 0 1.00 -2.52721569460245870 -1.44793169188842950 -0.65799850921949510 0.71283763854339680 -0.79740452768374950 -0.55126190216355030 1.8289737661773990 1.27236314470678360 -0.14912882635836350 
0 0 0 0 0 0 0 0 0 0 0 0 1.00 -1.05542448343681230 -0.82442490765003250 -0.89841273299158670 0.0325573663500114960 0.56048040048640790 -0.16129166688460930 -0.66048337895618890 0.93509118729810470 
0 0 0 0 0 0 0 0 0 0 0 0 0 1.00 0.80006788677155220 0.36795311221490740 0.0038797341102274840 -0.228711527023824580 -0.180928150231542660 0.03834046571237450 -0.66642361059237760 
0 0 0 0 0 0 0 0 0 0 0 0 0 0 1.00 -6.7890835116227970 8.9497921591645880 -0.86498836183267780 -9.1648384396278790 2.7899986517969110 9.5702642998120830 
0 0 0 0 0 0 0 0 0 0 0 0 0 0 0 1.00 -1.33514341351153740 0.18921618375722750 1.2705182861216360 -0.42020472025758420 -1.43491637034345930 
0 0 0 0 0 0 0 0 0 0 0 0 0 0 0 0 1.00 0.65663856560496790 -2.1843035345365560 1.6814550156354090 3.107588036501910 
0 0 0 0 0 0 0 0 0 0 0 0 0 0 0 0 0 1.00 -1.83567773844501510 0.53746569022646420 1.69511087042467270 
0 0 0 0 0 0 0 0 0 0 0 0 0 0 0 0 0 0 1.00 -1.3344305970732730 -0.85538247720483130 
0 0 0 0 0 0 0 0 0 0 0 0 0 0 0 0 0 0 0 1.00 1.53988394120903330 


checking no solution
one solution

reducing to reduced row
1.00 0 0 0 0 0 0 0 0 0 0 0 0 0 0 0 0 0 0 0 0.5428217765267620 
0 1.00 0 0 0 0 0 0 0 0 0 0 0 0 0 0 0 0 0 0 -2.39228259856161740 
0 0 1.00 0 0 0 0 0 0 0 0 0 0 0 0 0 0 0 0 0 1.5789269345092620 
0 0 0 1.00 0 0 0 0 0 0 0 0 0 0 0 0 0 0 0 0 -1.36789477716646870 
0 0 0 0 1.00 0 0 0 0 0 0 0 0 0 0 0 0 0 0 0 0.64330306536360740 
0 0 0 0 0 1.00 0 0 0 0 0 0 0 0 0 0 0 0 0 0 -1.7531032672008870 
0 0 0 0 0 0 1.00 0 0 0 0 0 0 0 0 0 0 0 0 0 -0.043241280265913560 
0 0 0 0 0 0 0 1.00 0 0 0 0 0 0 0 0 0 0 0 0 -0.75034753515432760 
0 0 0 0 0 0 0 0 1.00 0 0 0 0 0 0 0 0 0 0 0 -0.82448655842668240 
0 0 0 0 0 0 0 0 0 1.00 0 0 0 0 0 0 0 0 0 0 -0.45616657643436210 
0 0 0 0 0 0 0 0 0 0 1.00 0 0 0 0 0 0 0 0 0 -1.21629581915937730 
0 0 0 0 0 0 0 0 0 0 0 1.00 0 0 0 0 0 0 0 0 0.30930226048582570 
0 0 0 0 0 0 0 0 0 0 0 0 1.00 0 0 0 0 0 0 0 -0.110503518228499460 
0 0 0 0 0 0 0 0 0 0 0 0 0 1.00 0 0 0 0 0 0 1.1717445005694230 
0 0 0 0 0 0 0 0 0 0 0 0 0 0 1.00 0 0 0 0 0 -0.58729493338235450 
0 0 0 0 0 0 0 0 0 0 0 0 0 0 0 1.00 0 0 0 0 -1.3933118352247730 
0 0 0 0 0 0 0 0 0 0 0 0 0 0 0 0 1.00 0 0 0 1.12293289918048920 
0 0 0 0 0 0 0 0 0 0 0 0 0 0 0 0 0 1.00 0 0 3.0693454104559430 
0 0 0 0 0 0 0 0 0 0 0 0 0 0 0 0 0 0 1.00 0 1.19948576988628370 
0 0 0 0 0 0 0 0 0 0 0 0 0 0 0 0 0 0 0 1.00 1.53988394120903330 


Solution = [0.5428217765267620, -2.39228259856161740, 1.5789269345092620, -1.36789477716646870, 0.64330306536360740, -1.7531032672008870, -0.043241280265913560, -0.75034753515432760, -0.82448655842668240, -0.45616657643436210, -1.21629581915937730, 0.30930226048582570, -0.110503518228499460, 1.1717445005694230, -0.58729493338235450, -1.3933118352247730, 1.12293289918048920, 3.0693454104559430, 1.19948576988628370, 1.53988394120903330]
created: out.txt
Writing to file:
0.5428217765267620
-2.39228259856161740
1.5789269345092620
-1.36789477716646870
0.64330306536360740
-1.7531032672008870
-0.043241280265913560
-0.75034753515432760
-0.82448655842668240
-0.45616657643436210
-1.21629581915937730
0.30930226048582570
-0.110503518228499460
1.1717445005694230
-0.58729493338235450
-1.3933118352247730
1.12293289918048920
3.0693454104559430
1.19948576988628370
1.53988394120903330
0.5428217765267620 0
-2.39228259856161740 0
1.5789269345092620 0
-1.36789477716646870 0
0.64330306536360740 0
-1.7531032672008870 0
-0.043241280265913560 0
-0.75034753515432760 0
-0.82448655842668240 0
-0.45616657643436210 0
-1.21629581915937730 0
0.30930226048582570 0
-0.110503518228499460 0
1.1717445005694230 0
-0.58729493338235450 0
-1.3933118352247730 0
1.12293289918048920 0
3.0693454104559430 0
1.19948576988628370 0
1.53988394120903330 0
?[1;31m
Start test 9?[0m
Retrieving coefficients
0.110 0.620 0.280 0.940 0.530 0.940 0.060 1.00 0.610 0.450 0.030 0.790 0.870 0.320 0.660 0.50 0.140 0.820 0.440 0.130 0.430 
0.80 0.70 0.160 0.090 0.40 0.630 0.460 1.00 0.90 0.140 0.030 0.80 0.980 0.710 0.670 0.420 0.730 0.010 0.750 0.590 0.640 
0.990 0.010 0.450 0.850 0.170 0.140 0.580 0.270 0.960 0.520 0.740 0.890 0.720 0.930 0.220 0.90 0.410 0.780 0.560 0.670 0.840 
0.190 0.350 0.980 0.280 0.740 0.420 0.820 0.510 0.330 0.840 0.850 0.460 0.710 0.930 0.110 0.880 0.080 0.720 0.680 0.730 0.820 
0.590 0.520 0.170 0.620 0.90 0.660 0.230 0.470 0.290 0.780 0.430 0.990 0.670 0.630 0.380 0.850 0.720 0.60 0.970 0.750 0.960 
0.660 0.240 0.90 0.430 0.390 0.310 0.640 0.170 0.750 0.620 0.380 0.380 0.410 0.380 0.410 0.90 0.290 0.210 0.540 0.870 0.350 
0.060 0.570 0.040 0.740 0.270 0.750 0 0.520 0.420 0.850 0.350 0.190 0.570 0.420 0.930 0.770 0.090 0.40 0.830 0.390 0.460 
0.870 0.770 0.710 0.610 0.730 0.280 0.020 0.960 0.290 0.370 0.270 0.430 0.020 0.820 0.160 0.340 0.490 0.90 0.350 0.110 0.180 
0.870 0.70 0.40 0.270 0.350 0.570 0.360 0.890 0.090 0.780 0.640 0.840 0.060 0.690 0.410 0.40 0.640 0.550 0.810 0.690 0.270 
0.340 0.490 0.270 1.00 0.780 0.010 0.580 0.870 0.470 0.270 0.230 0.350 0.550 0.060 0.670 0.740 0.170 0.680 0.750 0.760 0.160 
0.380 0.710 0.290 0.940 0.840 0.460 0.980 0 0.890 0.580 0.090 0.040 0.040 0.660 0.210 0.580 0.80 0.960 0.780 0.670 0.110 
0.360 0.370 0.10 0.360 0.460 0.150 0.990 0.380 0.390 0.520 0.760 0.680 0.940 0.310 0.210 0.990 0.780 0.170 0.150 0.060 0.060 
0.940 0.30 0.350 0.240 0.790 0.860 0.70 0.810 0.20 0.230 0.520 0.910 0.550 0.210 0.470 0.440 0.10 0.970 0.610 0.130 0.030 
0.030 0.280 0.320 0.060 0.540 0.080 1.00 0.690 0.290 0.480 0.840 0.370 0.740 0.130 0.20 0.750 0.460 0.030 0.680 0.720 0.330 
0.430 0.780 0.690 0.910 0.80 0.680 0.460 0.90 0.650 0.190 0.810 0.280 0.30 0.750 0.940 0.050 0.650 0.290 0.610 0.740 0.680 
0.010 0.460 0.380 0.720 0.970 0.390 0.880 0.620 0.930 0.260 0.580 0.020 0.950 0.490 0.690 0.640 0.470 0.530 0.430 0.10 0.090 
0.830 0.720 0.840 0.410 0.530 0.530 0.670 0.090 0.490 0.420 0.880 0.140 0.090 0.020 0.490 0.290 0.290 0.170 0.080 0.90 0.450 
0.540 0.570 0.530 0.230 0.780 0.890 0.240 0.980 0.70 0.750 0.460 0.850 0.390 0.580 0.360 0.290 0.540 0.830 0.970 0.620 0.340 
0.30 0.640 0.710 0.070 0.030 0.760 0.250 0.340 0.970 0.930 0.480 0.570 0.980 0.330 0.40 0.180 0.010 0.810 0.380 0.870 0.950 
0.250 0.70 0.070 0.40 0.670 0.840 0.120 0.430 0.610 0.70 0.890 0.880 0.480 0.140 0.320 0.980 0.150 0.870 0.340 0.810 0.370 

reducing to echelon: 
1.00 5.6363636363636370 2.5454545454545460 8.5454545454545450 4.8181818181818180 8.5454545454545450 0.54545454545454540 9.0909090909090920 5.5454545454545450 4.0909090909090910 0.27272727272727270 7.18181818181818250 7.9090909090909090 2.9090909090909090 6.00 4.5454545454545460 1.2727272727272730 7.4545454545454540 4.00 1.18181818181818190 3.9090909090909090 
0 1.00 0.492601431980906950 1.7711217183770880 0.90692124105011940 1.62935560859188520 -0.0062052505966587210 1.64677804295942720 0.92840095465393790 0.8224343675417660 0.049403341288782810 1.2983293556085920 1.403818615751790 0.4245823389021480 1.08424821002386640 0.84439140811455850 0.075656324582338920 1.56300715990453450 0.64319809069212410 0.093317422434367570 0.65298329355608590 
0 0 1.00 3.34695981127664540 0.67016626640880140 1.12128521737898510 0.0080689151949220090 0.65681253055065450 0.9516219298804910 1.5597730219114620 1.10594790271962840 1.50149831041591450 1.05265693296212160 0.61580558094064240 0.47383092824403880 1.63739471092881140 -0.63609475839301810 3.12552865917157470 0.271024164240324940 0.0293534241529057470 0.90104775465963860 
0 0 0 1.00 0.0316394773011074160 0.33729045091751050 -0.241718016935706440 0.20206416332017780 0.29644259083336930 0.23056679147877310 0.0369939439866583950 0.42756171914634730 0.232119185694365070 -0.054516725763422680 0.223476747331538360 0.26369607174312830 -0.1489174500440380 0.76487621559735450 -0.05242716890256730 -0.187792155509022950 0.075158103936818380 
0 0 0 0 1.00 0.00927071936642480 -0.032357038478209630 -0.6892599404169310 -0.96646252754741080 0.91372639352386130 0.60827757042581490 0.28368709762947830 -0.357576258209589050 0.170086791830998420 -0.40770339600710650 0.63847946553964770 0.485080456090001170 0.251850070379734170 0.75674827300156910 0.69110470146158750 0.74077729180995230 
0 0 0 0 0 1.00 -10.2305062192169750 -14.7804218251331850 -3.9646838616773180 0.0261391729031742630 -16.933729487015640 -9.5161171236838750 -17.206546377511530 -26.3799558495725140 6.8612221465000460 0.144731213829755430 2.79473796449429070 -17.5039589319706150 -3.06509890798967270 4.0586843561195030 -18.0208897846506670 
0 0 0 0 0 0 1.00 2.2867689336315570 0.69406643403497860 -1.0257159499564310 1.04167514834293720 1.66614206764942740 2.16124395634388880 2.4947006809431550 -1.13806496193337310 -0.84063233134741980 -0.291634601568770750 2.1352723754906850 -0.51167711994168820 -1.1340386881100570 1.59441529140483330 
0 0 0 0 0 0 0 1.00 0.23213457143008220 -1.09486639376571020 -0.472858203157501270 0.76204147615402110 0.49287916673234110 0.172555791828600790 -0.64471452961090530 -0.94635791008333850 -0.073714183486291470 0.67259116772674990 -0.89632644561394090 -0.92099933504155940 -0.092695720055394980 
0 0 0 0 0 0 0 0 1.00 -0.69866504918883430 -0.83201195815245750 -0.297728145314028360 0.72695469175898340 -0.222111639094556170 0.373247946534812360 0.078030523133198930 -0.0097555088625716180 -0.61595545971437170 -0.24478222482070820 -0.157034917277987550 0.047026846709265670 
0 0 0 0 0 0 0 0 0 1.00 1.78397215483447560 -0.205610983207369290 0.76373603520147510 2.7205081875324170 -0.45117018676425620 0.65624376917159430 -0.186785816906117650 1.15948978906193110 0.62400876684334320 -0.449104519882171260 1.91267670037817170 
0 0 0 0 0 0 0 0 0 0 1.00 0.106184869545864340 0.010853295732974640 2.75050150851787660 -1.7761062344096480 -0.74499463947847080 0.148217835067852940 2.06738615811837430 -0.62789470349846920 -1.62607745768445520 1.1252048231596680 
0 0 0 0 0 0 0 0 0 0 0 1.00 2.10381514335878130 -2.814477790632580 0.77380816335697490 2.14048239508015170 1.13720292272647460 -2.6131695713941650 -2.6470245856388410 -2.42640746247784640 -2.16877769659091870 
0 0 0 0 0 0 0 0 0 0 0 0 1.00 -1.7025501474119580 0.86623221106624420 1.2487827416736920 0.19239646434749430 -1.45162186704133740 -1.1486961218922850 -1.22165715980264930 -1.4060542297306310 
0 0 0 0 0 0 0 0 0 0 0 0 0 1.00 -0.114555264293683620 -0.30918559677883120 -0.38687611528369410 0.63767724595978650 0.427845986528599060 0.368328092950830630 0.78875751743587940 
0 0 0 0 0 0 0 0 0 0 0 0 0 0 1.00 -0.144871600806297130 -0.199360740954278970 -0.77917641174167150 1.03801834968414130 1.72216596749984750 0.90963252637632390 
0 0 0 0 0 0 0 0 0 0 0 0 0 0 0 1.00 -1.17086250471548370 -2.4029237904287590 6.5815572378108860 9.2658448344271810 9.0925731811336130 
0 0 0 0 0 0 0 0 0 0 0 0 0 0 0 0 1.00 0.207326682870694030 -2.2370219186979690 -3.4476107284037950 -3.2406476389144540 
0 0 0 0 0 0 0 0 0 0 0 0 0 0 0 0 0 1.00 -2.50964248738222340 -4.12598509988185750 -3.84133759314838660 
0 0 0 0 0 0 0 0 0 0 0 0 0 0 0 0 0 0 1.00 0.94493640645692670 1.0810965650727990 
0 0 0 0 0 0 0 0 0 0 0 0 0 0 0 0 0 0 0 1.00 0.471562858584068270 


checking no solution
one solution

reducing to reduced row
1.00 0 0 0 0 0 0 0 0 0 0 0 0 0 0 0 0 0 0 0 0.218200582342352960 
0 1.00 0 0 0 0 0 0 0 0 0 0 0 0 0 0 0 0 0 0 0.38863570976253280 
0 0 1.00 0 0 0 0 0 0 0 0 0 0 0 0 0 0 0 0 0 0.233688464258402280 
0 0 0 1.00 0 0 0 0 0 0 0 0 0 0 0 0 0 0 0 0 0.58041303412641040 
0 0 0 0 1.00 0 0 0 0 0 0 0 0 0 0 0 0 0 0 0 -0.186725095189681860 
0 0 0 0 0 1.00 0 0 0 0 0 0 0 0 0 0 0 0 0 0 0.35355997757590530 
0 0 0 0 0 0 1.00 0 0 0 0 0 0 0 0 0 0 0 0 0 -0.55966616220839890 
0 0 0 0 0 0 0 1.00 0 0 0 0 0 0 0 0 0 0 0 0 -0.470571330496831860 
0 0 0 0 0 0 0 0 1.00 0 0 0 0 0 0 0 0 0 0 0 -0.39455897928562260 
0 0 0 0 0 0 0 0 0 1.00 0 0 0 0 0 0 0 0 0 0 -0.45774088545394980 
0 0 0 0 0 0 0 0 0 0 1.00 0 0 0 0 0 0 0 0 0 0.3710446957072440 
0 0 0 0 0 0 0 0 0 0 0 1.00 0 0 0 0 0 0 0 0 -0.195935672014654120 
0 0 0 0 0 0 0 0 0 0 0 0 1.00 0 0 0 0 0 0 0 1.14029042171376350 
0 0 0 0 0 0 0 0 0 0 0 0 0 1.00 0 0 0 0 0 0 0.280816103035031960 
0 0 0 0 0 0 0 0 0 0 0 0 0 0 1.00 0 0 0 0 0 -0.87121030450390470 
0 0 0 0 0 0 0 0 0 0 0 0 0 0 0 1.00 0 0 0 0 -0.335486953760124940 
0 0 0 0 0 0 0 0 0 0 0 0 0 0 0 0 1.00 0 0 0 -0.130892088711087680 
0 0 0 0 0 0 0 0 0 0 0 0 0 0 0 0 0 1.00 0 0 -0.30079933743685870 
0 0 0 0 0 0 0 0 0 0 0 0 0 0 0 0 0 0 1.00 0 0.63549965206381360 
0 0 0 0 0 0 0 0 0 0 0 0 0 0 0 0 0 0 0 1.00 0.471562858584068270 


Solution = [0.218200582342352960, 0.38863570976253280, 0.233688464258402280, 0.58041303412641040, -0.186725095189681860, 0.35355997757590530, -0.55966616220839890, -0.470571330496831860, -0.39455897928562260, -0.45774088545394980, 0.3710446957072440, -0.195935672014654120, 1.14029042171376350, 0.280816103035031960, -0.87121030450390470, -0.335486953760124940, -0.130892088711087680, -0.30079933743685870, 0.63549965206381360, 0.471562858584068270]
created: out.txt
Writing to file:
0.218200582342352960
0.38863570976253280
0.233688464258402280
0.58041303412641040
-0.186725095189681860
0.35355997757590530
-0.55966616220839890
-0.470571330496831860
-0.39455897928562260
-0.45774088545394980
0.3710446957072440
-0.195935672014654120
1.14029042171376350
0.280816103035031960
-0.87121030450390470
-0.335486953760124940
-0.130892088711087680
-0.30079933743685870
0.63549965206381360
0.471562858584068270
0.218200582342352960 0
0.38863570976253280 0
0.233688464258402280 0
0.58041303412641040 0
-0.186725095189681860 0
0.35355997757590530 0
-0.55966616220839890 0
-0.470571330496831860 0
-0.39455897928562260 0
-0.45774088545394980 0
0.3710446957072440 0
-0.195935672014654120 0
1.14029042171376350 0
0.280816103035031960 0
-0.87121030450390470 0
-0.335486953760124940 0
-0.130892088711087680 0
-0.30079933743685870 0
0.63549965206381360 0
0.471562858584068270 0
?[1;31m
Start test 10?[0m
Retrieving coefficients
0 1.00 1.00 
1.00 0 1.00 

reducing to echelon: 
1.00 0 1.00 
0 1.00 1.00 


checking no solution
one solution

reducing to reduced row
1.00 0 1.00 
0 1.00 1.00 


Solution = [1.00, 1.00]
created: out.txt
Writing to file:
1.00
1.00
1.00 0
1.00 0
?[1;31m
Start test 11?[0m
Retrieving coefficients
0 1.00 1.00 
1.00 0 2.00 

reducing to echelon: 
1.00 0 2.00 
0 1.00 1.00 


checking no solution
one solution

reducing to reduced row
1.00 0 2.00 
0 1.00 1.00 


Solution = [2.00, 1.00]
created: out.txt
Writing to file:
2.00
1.00
2.00 0
1.00 0
?[1;31m
Start test 12?[0m
Retrieving coefficients
2.00 6.00 1.00 3.00 9.00 1.00 6.00 
9.00 2.00 4.00 3.00 6.00 1.00 5.00 
6.00 5.00 9.00 1.00 4.00 2.00 6.00 
4.00 1.00 1.00 2.00 9.00 2.00 4.00 
5.00 4.00 6.00 2.00 3.00 1.00 6.00 
3.00 5.00 4.00 1.00 7.00 9.00 6.00 

reducing to echelon: 
1.00 3.00 0.50 1.50 4.50 0.50 3.00 
0 1.00 0.020 0.420 1.380 0.140 0.880 
0 0 1.00 -0.40575079872204470 -0.80830670926517610 0.13099041533546330 -0.089456869009584740 
0 0 0 1.00 18.2842105263157820 5.4105263157894720 5.3052631578947340 
0 0 0 0 1.00 0.300492610837438450 0.18144499178981930 
0 0 0 0 0 1.00 0.28491369648060960 


checking no solution
one solution

reducing to reduced row
1.00 0 0 0 0 0 -0.51748486886348370 
0 1.00 0 0 0 0 -0.152320107599192760 
0 0 1.00 0 0 0 0.76686841515355290 
0 0 0 1.00 0 0 2.01154449674960740 
0 0 0 0 1.00 0 0.095830531271015420 
0 0 0 0 0 1.00 0.28491369648060960 


Solution = [-0.51748486886348370, -0.152320107599192760, 0.76686841515355290, 2.01154449674960740, 0.095830531271015420, 0.28491369648060960]
created: out.txt
Writing to file:
-0.51748486886348370
-0.152320107599192760
0.76686841515355290
2.01154449674960740
0.095830531271015420
0.28491369648060960
-0.51748486886348370 0
-0.152320107599192760 0
0.76686841515355290 0
2.01154449674960740 0
0.095830531271015420 0
0.28491369648060960 0
?[1;31m
Start test 13?[0m
Retrieving coefficients
0 6.00 1.00 3.00 9.00 1.00 6.00 
9.00 0 4.00 3.00 6.00 1.00 5.00 
6.00 5.00 0 1.00 4.00 2.00 6.00 
4.00 1.00 1.00 0 9.00 2.00 4.00 
5.00 4.00 6.00 2.00 0 1.00 6.00 
3.00 5.00 4.00 1.00 7.00 0 6.00 

reducing to echelon: 
1.00 0 0.44444444444444440 0.33333333333333330 0.66666666666666660 0.11111111111111110 0.55555555555555560 
0 1.00 0.166666666666666660 0.50 1.50 0.166666666666666660 1.00 
0 0 1.00 1.00 2.1428571428571430 -0.142857142857142930 0.66666666666666670 
0 0 0 1.00 -7.7142857142857140 -1.41071428571428560 -1.58333333333333330 
0 0 0 0 1.00 0.123310810810810810 0.197072072072072090 
0 0 0 0 0 1.00 0.42570281124498050 


checking no solution
one solution

reducing to reduced row
1.00 0 0 0 0 0 0.240963855421686580 
0 1.00 0 0 0 0 0.59839357429718850 
0 0 1.00 0 0 0 0.2851405622489960 
0 0 0 1.00 0 0 0.132530120481928030 
0 0 0 0 1.00 0 0.1445783132530120 
0 0 0 0 0 1.00 0.42570281124498050 


Solution = [0.240963855421686580, 0.59839357429718850, 0.2851405622489960, 0.132530120481928030, 0.1445783132530120, 0.42570281124498050]
created: out.txt
Writing to file:
0.240963855421686580
0.59839357429718850
0.2851405622489960
0.132530120481928030
0.1445783132530120
0.42570281124498050
0.240963855421686580 0
0.59839357429718850 0
0.2851405622489960 0
0.132530120481928030 0
0.1445783132530120 0
0.42570281124498050 0
?[1;31m
Start test 14?[0m
Retrieving coefficients
1.00 6.00 1.00 1.00 9.00 1.00 6.00 
0 1.00 4.00 3.00 2.00 1.00 5.00 
0 0 0 1.00 4.00 2.00 6.00 
0 0 0 2.00 9.00 2.00 4.00 
0 0 0 2.00 3.00 1.00 6.00 
0 0 5.00 1.00 7.00 9.00 6.00 

reducing to echelon: 
1.00 6.00 1.00 1.00 9.00 1.00 6.00 
0 1.00 4.00 3.00 2.00 1.00 5.00 
0 0 1.00 0.20 1.40 1.80 1.20 
0 0 0 1.00 4.50 1.00 2.00 
0 0 0 0 1.00 0.166666666666666660 -0.33333333333333330 
0 0 0 0 0 1.00 3.53846153846153880 


checking no solution
one solution

reducing to reduced row
1.00 0 0 0 0 0 -65.815384615384620 
0 1.00 0 0 0 0 13.0615384615384610 
0 0 1.00 0 0 0 -4.40 
0 0 0 1.00 0 0 2.61538461538461540 
0 0 0 0 1.00 0 -0.92307692307692310 
0 0 0 0 0 1.00 3.53846153846153880 


Solution = [-65.815384615384620, 13.0615384615384610, -4.40, 2.61538461538461540, -0.92307692307692310, 3.53846153846153880]
created: out.txt
Writing to file:
-65.815384615384620
13.0615384615384610
-4.40
2.61538461538461540
-0.92307692307692310
3.53846153846153880
-65.815384615384620 0
13.0615384615384610 0
-4.40 0
2.61538461538461540 0
-0.92307692307692310 0
3.53846153846153880 0
?[1;31m
Start test 15?[0m
Retrieving coefficients
1.00 6.00 1.00 1.00 9.00 1.00 6.00 
0 1.00 4.00 3.00 2.00 1.00 5.00 
0 0 0 0 0 2.00 6.00 
0 0 0 0 2.00 2.00 4.00 
0 0 0 9.00 2.00 1.00 6.00 
0 0 7.00 1.00 7.00 9.00 6.00 

reducing to echelon: 
1.00 6.00 1.00 1.00 9.00 1.00 6.00 
0 1.00 4.00 3.00 2.00 1.00 5.00 
0 0 1.00 0.142857142857142850 1.00 1.28571428571428580 0.85714285714285710 
0 0 0 1.00 0.22222222222222220 0.11111111111111110 0.66666666666666660 
0 0 0 0 1.00 1.00 2.00 
0 0 0 0 0 1.00 3.00 


checking no solution
one solution

reducing to reduced row
1.00 0 0 0 0 0 -50.380952380952390 
0 1.00 0 0 0 0 10.6507936507936520 
0 0 1.00 0 0 0 -2.079365079365080 
0 0 0 1.00 0 0 0.55555555555555560 
0 0 0 0 1.00 0 -1.00 
0 0 0 0 0 1.00 3.00 


Solution = [-50.380952380952390, 10.6507936507936520, -2.079365079365080, 0.55555555555555560, -1.00, 3.00]
created: out.txt
Writing to file:
-50.380952380952390
10.6507936507936520
-2.079365079365080
0.55555555555555560
-1.00
3.00
-50.380952380952390 0
10.6507936507936520 0
-2.079365079365080 0
0.55555555555555560 0
-1.00 0
3.00 0
?[1;31m
Start test 16?[0m
Retrieving coefficients
0 1.00 2.00 9.00 
0 1.00 3.00 1.00 
1.00 0 6.00 0 
2.00 0 2.00 0 

reducing to echelon: 
1.00 0 6.00 0 
0 1.00 3.00 1.00 
0 0 1.00 -8.00 
0 0 0 1.00 


checking no solution
no solution
created: out.txt
Writing to file:
No solutions
?[1;31m
Start test 17?[0m
Retrieving coefficients
1.00 1.00 2.00 9.00 
0 1.00 3.00 1.00 
0 0 6.00 0 
0 0 0 0 

reducing to echelon: 
1.00 1.00 2.00 9.00 
0 1.00 3.00 1.00 
0 0 1.00 0 
0 0 0 0 


checking no solution
one solution

reducing to reduced row
1.00 0 0 8.00 
0 1.00 0 1.00 
0 0 1.00 0 
0 0 0 0 


Solution = [8.00, 1.00, 0]
created: out.txt
Writing to file:
8.00
1.00
0
8.00 0
1.00 0
0 0
?[1;31m
Start test 18?[0m
Retrieving coefficients
1.00 1.00 2.00 9.00 
0 1.00 3.00 1.00 
0 0 6.00 0 
0 0 0 7.00 

reducing to echelon: 
1.00 1.00 2.00 9.00 
0 1.00 3.00 1.00 
0 0 1.00 0 
0 0 0 1.00 


checking no solution
no solution
created: out.txt
Writing to file:
No solutions
?[1;31m
Start test 19?[0m
Retrieving coefficients
1.00 1.00 2.00 9.00 
0 1.00 3.00 1.00 
0 2.00 6.00 2.00 
0 0 0 0 

reducing to echelon: 
1.00 1.00 2.00 9.00 
0 1.00 3.00 1.00 
0 0 0 0 
0 0 0 0 


checking no solution
infinite solutions
created: out.txt
Writing to file:
Infinitely many solutions
?[1;31m
Start test 20?[0m
Retrieving coefficients
1.00 1.00 2.00 9.00 7.00 
0 1.00 3.00 1.00 2.00 
0 2.00 6.00 2.00 9.00 

reducing to echelon: 
1.00 1.00 2.00 9.00 7.00 
0 1.00 3.00 1.00 2.00 
0 0 0 0 5.00 


checking no solution
no solution
created: out.txt
Writing to file:
No solutions
?[1;31m
Start test 21?[0m
Retrieving coefficients
1.00 1.00 2.00 9.00 7.00 
0 1.00 3.00 1.00 2.00 
0 2.00 6.00 3.00 9.00 

reducing to echelon: 
1.00 1.00 9.00 2.00 7.00 
0 1.00 1.00 3.00 2.00 
0 0 1.00 0 5.00 


checking no solution
infinite solutions
created: out.txt
Writing to file:
Infinitely many solutions
?[1;31m
Start test 22?[0m
Retrieving coefficients
1.00 0 0 0 1.00 
0 0 0 0 0 
1.00 0 0 0 0 

reducing to echelon: 
1.00 0 0 0 1.00 
0 0 0 0 0 
0 0 0 0 -1.00 


checking no solution
no solution
created: out.txt
Writing to file:
No solutions
?[1;31m
Start test 23?[0m
Retrieving coefficients
i 0 1.00 
0 i 1.00 

reducing to echelon: 
1.00 0 -i 
0 1.00 -i 


checking no solution
one solution

reducing to reduced row
1.00 0 -i 
0 1.00 -i 


Solution = [-i, -i]
created: out.txt
Writing to file:
-i
-i
0 -1
0 -1
?[1;31m
Start test 24?[0m
Retrieving coefficients
i -i i 
-i i i 

reducing to echelon: 
1.00 -1.00 1.00 
0 0 2.0i 


checking no solution
no solution
created: out.txt
Writing to file:
No solutions
?[1;31m
Start test 25?[0m
Retrieving coefficients
i -i i 
-i i -i 

reducing to echelon: 
1.00 -1.00 1.00 
0 0 0 


checking no solution
infinite solutions
created: out.txt
Writing to file:
Infinitely many solutions
?[1;31m
Start test 26?[0m
Retrieving coefficients
1.0+i 2.0+6.0i 7.0-8.0i 12.00 
-7.0i 123.00 12.0+i i 
11.0-11.0i 12.0+i -i 1.0+i 

reducing to echelon: 
1.00 4.0+2.0i -0.5-7.5i 6.0-6.0i 
0 1.00 0.5495854717726016-0.16411369917094354i 0.45653375444137384+0.27722068693249113i 
0 0 1.00 0.6986968792228415+0.8726063493397372i 


checking no solution
one solution

reducing to reduced row
1.00 0 0 -0.08790367017179979+0.16860430293709128i 
0 1.00 0 -0.0706665554625529-0.08768535579270148i 
0 0 1.00 0.6986968792228415+0.8726063493397372i 


Solution = [-0.08790367017179979+0.16860430293709128i, -0.0706665554625529-0.08768535579270148i, 0.6986968792228415+0.8726063493397372i]
created: out.txt
Writing to file:
-0.08790367017179979+0.16860430293709128i
-0.0706665554625529-0.08768535579270148i
0.6986968792228415+0.8726063493397372i
-0.08790367017179979 +0.16860430293709128
-0.0706665554625529 -0.08768535579270148
0.6986968792228415 +0.8726063493397372
]]></system-out>
  <system-err><![CDATA[]]></system-err>
</testsuite>
