<?xml version="1.0" encoding="UTF-8"?>
<testsuite name="SolverTest" tests="1" skipped="0" failures="0" errors="0" timestamp="2020-05-30T20:54:59" hostname="LAPTOP-016GJG3B" time="0.484">
  <properties/>
  <testcase name="start" classname="SolverTest" time="0.484"/>
  <system-out><![CDATA[?[1;31m
Start test 1?[0m
Retrieving coefficients
1.0 1.0 2.0 9.0 
2.0 4.0 -3.0 1.0 
3.0 6.0 -5.0 0.0 

Reducing to echelon
1.0 1.0 2.0 9.0 
0.0 1.0 -3.5 -8.5 
-0.0 -0.0 1.0 3.0 

Reducing to reduced echelon
1.0 0.0 0.0 1.0 
0.0 1.0 0.0 2.0 
-0.0 -0.0 1.0 3.0 

Checking for valid matrix
Valid Matrix
Solution = [1.0, 2.0, 3.0]
created: out.txt
Writing to file:
1.0
2.0
3.0
?[1;31m
Start test 2?[0m
Retrieving coefficients
1.0 0.0 1.0 
0.0 1.0 1.0 

Reducing to echelon
1.0 0.0 1.0 
0.0 1.0 1.0 

Reducing to reduced echelon
1.0 0.0 1.0 
0.0 1.0 1.0 

Checking for valid matrix
Valid Matrix
Solution = [1.0, 1.0]
created: out.txt
Writing to file:
1.0
1.0
?[1;31m
Start test 3?[0m
Retrieving coefficients
1.0 0.0 1.0 
0.0 1.0 1.0 

Reducing to echelon
1.0 0.0 1.0 
0.0 1.0 1.0 

Reducing to reduced echelon
1.0 0.0 1.0 
0.0 1.0 1.0 

Checking for valid matrix
Valid Matrix
Solution = [1.0, 1.0]
created: out.txt
Writing to file:
1.0
1.0
?[1;31m
Start test 4?[0m
Retrieving coefficients
1.0 0.0 1.0 
0.0 1.0 1.0 

Reducing to echelon
1.0 0.0 1.0 
0.0 1.0 1.0 

Reducing to reduced echelon
1.0 0.0 1.0 
0.0 1.0 1.0 

Checking for valid matrix
Valid Matrix
Solution = [1.0, 1.0]
created: output.txt
Writing to file:
1.0
1.0
?[1;31m
Start test 5?[0m
Retrieving coefficients
1.0 0.0 2.0 
0.0 1.0 2.0 

Reducing to echelon
1.0 0.0 2.0 
0.0 1.0 2.0 

Reducing to reduced echelon
1.0 0.0 2.0 
0.0 1.0 2.0 

Checking for valid matrix
Valid Matrix
Solution = [2.0, 2.0]
created: out.txt
Writing to file:
2.0
2.0
?[1;31m
Start test 6?[0m
Retrieving coefficients
2.0 0.0 2.0 
0.0 2.0 2.0 

Reducing to echelon
1.0 0.0 1.0 
0.0 1.0 1.0 

Reducing to reduced echelon
1.0 0.0 1.0 
0.0 1.0 1.0 

Checking for valid matrix
Valid Matrix
Solution = [1.0, 1.0]
created: out.txt
Writing to file:
1.0
1.0
?[1;31m
Start test 7?[0m
Retrieving coefficients
1.0 2.0 1.0 
3.0 4.0 1.0 

Reducing to echelon
1.0 2.0 1.0 
-0.0 1.0 1.0 

Reducing to reduced echelon
1.0 0.0 -1.0 
-0.0 1.0 1.0 

Checking for valid matrix
Valid Matrix
Solution = [-1.0, 1.0]
created: out.txt
Writing to file:
-1.0
1.0
?[1;31m
Start test 8?[0m
Retrieving coefficients
26.0 90.0 17.0 67.0 68.0 9.0 60.0 38.0 37.0 38.0 76.0 14.0 33.0 94.0 88.0 58.0 99.0 84.0 9.0 45.0 18.0 
37.0 34.0 20.0 53.0 10.0 61.0 75.0 49.0 91.0 84.0 55.0 84.0 84.0 81.0 30.0 22.0 42.0 76.0 33.0 27.0 2.0 
99.0 69.0 63.0 57.0 39.0 45.0 33.0 43.0 99.0 26.0 25.0 24.0 80.0 91.0 62.0 90.0 54.0 77.0 88.0 32.0 94.0 
37.0 40.0 14.0 5.0 47.0 30.0 5.0 21.0 36.0 77.0 57.0 38.0 29.0 3.0 61.0 12.0 81.0 19.0 39.0 56.0 9.0 
36.0 73.0 71.0 39.0 9.0 9.0 31.0 10.0 84.0 7.0 13.0 45.0 9.0 34.0 2.0 14.0 88.0 43.0 17.0 4.0 86.0 
31.0 29.0 76.0 89.0 26.0 35.0 11.0 55.0 37.0 5.0 41.0 96.0 19.0 18.0 100.0 20.0 21.0 49.0 83.0 5.0 20.0 
18.0 18.0 25.0 70.0 79.0 74.0 30.0 66.0 41.0 93.0 63.0 2.0 90.0 4.0 46.0 1.0 77.0 89.0 21.0 47.0 52.0 
32.0 62.0 27.0 80.0 57.0 10.0 35.0 44.0 97.0 18.0 58.0 19.0 5.0 81.0 33.0 54.0 83.0 66.0 25.0 75.0 75.0 
56.0 53.0 13.0 91.0 30.0 11.0 72.0 52.0 13.0 86.0 73.0 88.0 94.0 20.0 25.0 77.0 90.0 75.0 73.0 52.0 36.0 
63.0 9.0 40.0 40.0 35.0 90.0 55.0 92.0 12.0 98.0 34.0 37.0 64.0 21.0 67.0 91.0 15.0 65.0 82.0 87.0 30.0 
71.0 5.0 65.0 64.0 6.0 20.0 9.0 81.0 40.0 56.0 39.0 93.0 74.0 55.0 83.0 81.0 74.0 2.0 58.0 86.0 58.0 
13.0 50.0 31.0 86.0 73.0 36.0 83.0 27.0 37.0 96.0 37.0 28.0 75.0 91.0 15.0 78.0 90.0 56.0 57.0 18.0 18.0 
34.0 9.0 51.0 11.0 92.0 54.0 25.0 91.0 61.0 69.0 37.0 37.0 89.0 91.0 95.0 50.0 10.0 16.0 69.0 71.0 66.0 
25.0 16.0 79.0 36.0 6.0 28.0 51.0 100.0 5.0 28.0 97.0 23.0 44.0 32.0 50.0 2.0 96.0 18.0 5.0 48.0 44.0 
80.0 38.0 47.0 96.0 41.0 72.0 85.0 79.0 2.0 3.0 96.0 14.0 2.0 65.0 97.0 38.0 76.0 73.0 88.0 59.0 89.0 
31.0 98.0 88.0 52.0 49.0 68.0 46.0 79.0 26.0 30.0 31.0 76.0 84.0 87.0 27.0 16.0 66.0 55.0 78.0 2.0 46.0 
57.0 2.0 32.0 78.0 70.0 7.0 95.0 56.0 77.0 97.0 49.0 14.0 74.0 7.0 85.0 48.0 83.0 59.0 71.0 5.0 44.0 
4.0 64.0 4.0 43.0 54.0 99.0 77.0 7.0 72.0 82.0 27.0 22.0 29.0 94.0 53.0 48.0 65.0 88.0 26.0 86.0 42.0 
69.0 59.0 62.0 63.0 42.0 29.0 73.0 18.0 82.0 78.0 48.0 60.0 84.0 73.0 84.0 9.0 82.0 53.0 14.0 1.0 12.0 
98.0 2.0 47.0 62.0 69.0 11.0 28.0 14.0 83.0 32.0 94.0 24.0 71.0 1.0 16.0 91.0 53.0 50.0 38.0 26.0 17.0 

Reducing to echelon
1.0 3.4615384615384617 0.6538461538461539 2.576923076923077 2.6153846153846154 0.34615384615384615 2.3076923076923075 1.4615384615384615 1.4230769230769231 1.4615384615384615 2.923076923076923 0.5384615384615384 1.2692307692307692 3.6153846153846154 3.3846153846153846 2.230769230769231 3.8076923076923075 3.230769230769231 0.34615384615384615 1.7307692307692308 0.6923076923076923 
-0.0 1.0 0.04456255110384301 0.4501226492232216 0.9223221586263286 -0.5122649223221586 0.1103843008994275 0.05396565821749791 -0.40760425183973825 -0.3180703188879804 0.5650040883074405 -0.6811120196238756 -0.39370400654129184 0.5609157808667211 1.0122649223221585 0.6434995911692559 1.051103843008994 0.4627964022894522 -0.21463614063777595 0.39370400654129195 0.2510220768601798 
0.0 0.0 1.0 -7.15867807336224 3.1062932145786903 -12.371147310441806 -15.789757412398918 -8.30548068283917 -14.661549279268714 -19.659127309660523 -10.486425250986365 -20.612445798663995 -14.658189773038 -10.835892027032301 0.3795460760185866 4.3260283604828285 -3.371264502519633 -11.101293019258563 -0.47904215008398665 -3.0186726043986063 8.997460838313991 
-0.0 -0.0 -0.0 1.0 -0.5329710891361075 1.103531451723664 1.774910726548551 0.8410589204779563 1.5114424529597579 1.3425439500068668 0.7022558714462298 1.7903619008377962 1.5120948358741928 1.5620278807856065 -0.2857179645653065 -0.1386657052602663 -0.12100844664194449 1.3535314517236643 -0.044842741381678396 -0.08076672160417546 -0.6475501304765826 
-0.0 -0.0 -0.0 -0.0 1.0 -12.207196346657467 -8.699562978782701 -5.369474532673749 -13.434621023918975 -25.83805620318438 -12.408926835576825 -23.360984288338184 -9.70583679491759 1.981324743510931 -0.3544856938642201 10.961413073857065 -11.454785453441408 -3.353377612064225 -1.7209511206338048 -7.472954793292271 8.781661249517551 
0.0 0.0 0.0 0.0 0.0 1.0 0.6378654104782445 0.45963151717940604 1.0190284017577653 2.155434293114236 1.085480327548209 1.934763053560777 0.7535871794964347 -0.25110157855258713 0.1776183380849608 -0.9065646487259413 0.9829068063902857 0.23646442877639062 0.20428504938895306 0.675235096526601 -0.7751575941081968 
0.0 0.0 0.0 0.0 0.0 0.0 1.0 -0.814844516150092 1.5783006953358523 -2.3071694275214245 -3.826825507240768 -7.934078581016801 2.4913909662358273 1.1881336395331257 -7.249452642238609 0.7836316018063535 0.14719660296416628 2.548241470353238 -4.028605204952814 -1.8231641511824528 7.149479157432193 
-0.0 -0.0 -0.0 -0.0 -0.0 -0.0 -0.0 1.0 -18.681033683276794 -2.010811646602375 2.2819877749571646 5.268357791151555 3.5821393405051585 0.17618289666006495 21.417232169946363 2.9376248497769137 -9.161889291303458 -4.6192001275673756E-4 6.708002011936584 -9.337646906869155 -19.059879846882584 
0.0 0.0 0.0 0.0 0.0 0.0 0.0 0.0 1.0 1.5858579547121432 0.573404008347101 1.1401232452427177 -0.09470256390627467 -1.6132708597227636 -1.7487757261622066 -0.7554265873795654 1.8719533745003178 -0.4057387749100197 -0.009978688352608745 1.2903756860586604 1.1388125694811433 
-0.0 -0.0 -0.0 -0.0 -0.0 -0.0 -0.0 -0.0 -0.0 1.0 0.4313804161029947 0.885017490249143 0.17112391744110292 -1.1224273281089983 -0.5064692794825967 -0.4527043055131221 0.9677696783567611 -0.2365338339773306 0.1876159931767871 0.4470532889189353 0.16117166925748408 
0.0 0.0 0.0 0.0 0.0 0.0 0.0 0.0 0.0 0.0 1.0 -1.7795351465348186 11.127207006338061 10.484505321315998 7.877774942174587 -2.3567105054736586 2.147324351941158 1.0714894336805085 -6.730293245533457 -6.337594778720287 -4.186067868996749 
0.0 0.0 0.0 0.0 0.0 0.0 0.0 0.0 0.0 0.0 0.0 1.0 -2.5272156946024587 -1.4479316918884295 -0.6579985092194951 0.7128376385433968 -0.7974045276837495 -0.5512619021635503 1.828973766177399 1.2723631447067836 -0.1491288263583635 
0.0 0.0 0.0 0.0 0.0 0.0 0.0 0.0 0.0 0.0 0.0 0.0 1.0 -1.0554244834368123 -0.8244249076500325 -0.8984127329915867 0.032557366350011496 0.5604804004864079 -0.1612916668846093 -0.6604833789561889 0.9350911872981047 
-0.0 -0.0 -0.0 -0.0 -0.0 -0.0 -0.0 -0.0 -0.0 -0.0 -0.0 -0.0 -0.0 1.0 0.8000678867715522 0.3679531122149074 0.003879734110227484 -0.22871152702382458 -0.18092815023154266 0.0383404657123745 -0.6664236105923776 
0.0 0.0 0.0 0.0 0.0 0.0 0.0 0.0 0.0 0.0 0.0 0.0 0.0 0.0 1.0 -6.789083511622797 8.949792159164588 -0.8649883618326778 -9.164838439627879 2.789998651796911 9.570264299812083 
-0.0 -0.0 -0.0 -0.0 -0.0 -0.0 -0.0 -0.0 -0.0 -0.0 -0.0 -0.0 -0.0 -0.0 -0.0 1.0 -1.3351434135115374 0.1892161837572275 1.270518286121636 -0.4202047202575842 -1.4349163703434593 
-0.0 -0.0 -0.0 -0.0 -0.0 -0.0 -0.0 -0.0 -0.0 -0.0 -0.0 -0.0 -0.0 -0.0 -0.0 -0.0 1.0 0.6566385656049679 -2.184303534536556 1.681455015635409 3.10758803650191 
-0.0 -0.0 -0.0 -0.0 -0.0 -0.0 -0.0 -0.0 -0.0 -0.0 -0.0 -0.0 -0.0 -0.0 -0.0 -0.0 -0.0 1.0 -1.8356777384450151 0.5374656902264642 1.6951108704246727 
-0.0 -0.0 -0.0 -0.0 -0.0 -0.0 -0.0 -0.0 -0.0 -0.0 -0.0 -0.0 -0.0 -0.0 -0.0 -0.0 -0.0 -0.0 1.0 -1.334430597073273 -0.8553824772048313 
-0.0 -0.0 -0.0 -0.0 -0.0 -0.0 -0.0 -0.0 -0.0 -0.0 -0.0 -0.0 -0.0 -0.0 -0.0 -0.0 -0.0 -0.0 -0.0 1.0 1.5398839412090333 

Reducing to reduced echelon
1.0 0.0 0.0 0.0 0.0 0.0 0.0 0.0 0.0 0.0 0.0 0.0 0.0 0.0 0.0 0.0 0.0 0.0 0.0 0.0 0.542821776526762 
0.0 1.0 0.0 0.0 0.0 0.0 0.0 0.0 0.0 0.0 0.0 0.0 0.0 0.0 0.0 0.0 0.0 0.0 0.0 0.0 -2.3922825985616174 
0.0 0.0 1.0 0.0 0.0 0.0 0.0 0.0 0.0 0.0 0.0 0.0 0.0 0.0 0.0 0.0 0.0 0.0 0.0 0.0 1.578926934509262 
0.0 0.0 0.0 1.0 0.0 0.0 0.0 0.0 0.0 0.0 0.0 0.0 0.0 0.0 0.0 0.0 0.0 0.0 0.0 0.0 -1.3678947771664687 
0.0 0.0 0.0 0.0 1.0 0.0 0.0 0.0 0.0 0.0 0.0 0.0 0.0 0.0 0.0 0.0 0.0 0.0 0.0 0.0 0.6433030653636074 
0.0 0.0 0.0 0.0 0.0 1.0 0.0 0.0 0.0 0.0 0.0 0.0 0.0 0.0 0.0 0.0 0.0 0.0 0.0 0.0 -1.753103267200887 
0.0 0.0 0.0 0.0 0.0 0.0 1.0 0.0 0.0 0.0 0.0 0.0 0.0 0.0 0.0 0.0 0.0 0.0 0.0 0.0 -0.04324128026591356 
0.0 0.0 0.0 0.0 0.0 0.0 0.0 1.0 0.0 0.0 0.0 0.0 0.0 0.0 0.0 0.0 0.0 0.0 0.0 0.0 -0.7503475351543276 
0.0 0.0 0.0 0.0 0.0 0.0 0.0 0.0 1.0 0.0 0.0 0.0 0.0 0.0 0.0 0.0 0.0 0.0 0.0 0.0 -0.8244865584266824 
0.0 0.0 0.0 0.0 0.0 0.0 0.0 0.0 0.0 1.0 0.0 0.0 0.0 0.0 0.0 0.0 0.0 0.0 0.0 0.0 -0.4561665764343621 
0.0 0.0 0.0 0.0 0.0 0.0 0.0 0.0 0.0 0.0 1.0 0.0 0.0 0.0 0.0 0.0 0.0 0.0 0.0 0.0 -1.2162958191593773 
0.0 0.0 0.0 0.0 0.0 0.0 0.0 0.0 0.0 0.0 0.0 1.0 0.0 0.0 0.0 0.0 0.0 0.0 0.0 0.0 0.3093022604858257 
0.0 0.0 0.0 0.0 0.0 0.0 0.0 0.0 0.0 0.0 0.0 0.0 1.0 0.0 0.0 0.0 0.0 0.0 0.0 0.0 -0.11050351822849946 
0.0 0.0 0.0 0.0 0.0 0.0 0.0 0.0 0.0 0.0 0.0 0.0 0.0 1.0 0.0 0.0 0.0 0.0 0.0 0.0 1.171744500569423 
0.0 0.0 0.0 0.0 0.0 0.0 0.0 0.0 0.0 0.0 0.0 0.0 0.0 0.0 1.0 0.0 0.0 0.0 0.0 0.0 -0.5872949333823545 
0.0 0.0 0.0 0.0 0.0 0.0 0.0 0.0 0.0 0.0 0.0 0.0 0.0 0.0 0.0 1.0 0.0 0.0 0.0 0.0 -1.393311835224773 
0.0 0.0 0.0 0.0 0.0 0.0 0.0 0.0 0.0 0.0 0.0 0.0 0.0 0.0 0.0 0.0 1.0 0.0 0.0 0.0 1.1229328991804892 
0.0 0.0 0.0 0.0 0.0 0.0 0.0 0.0 0.0 0.0 0.0 0.0 0.0 0.0 0.0 0.0 0.0 1.0 0.0 0.0 3.069345410455943 
-0.0 -0.0 -0.0 -0.0 -0.0 -0.0 -0.0 -0.0 -0.0 -0.0 -0.0 -0.0 -0.0 -0.0 -0.0 -0.0 -0.0 -0.0 1.0 0.0 1.1994857698862837 
-0.0 -0.0 -0.0 -0.0 -0.0 -0.0 -0.0 -0.0 -0.0 -0.0 -0.0 -0.0 -0.0 -0.0 -0.0 -0.0 -0.0 -0.0 -0.0 1.0 1.5398839412090333 

Checking for valid matrix
Valid Matrix
Solution = [0.542821776526762, -2.3922825985616174, 1.578926934509262, -1.3678947771664687, 0.6433030653636074, -1.753103267200887, -0.04324128026591356, -0.7503475351543276, -0.8244865584266824, -0.4561665764343621, -1.2162958191593773, 0.3093022604858257, -0.11050351822849946, 1.171744500569423, -0.5872949333823545, -1.393311835224773, 1.1229328991804892, 3.069345410455943, 1.1994857698862837, 1.5398839412090333]
created: out.txt
Writing to file:
0.542821776526762
-2.3922825985616174
1.578926934509262
-1.3678947771664687
0.6433030653636074
-1.753103267200887
-0.04324128026591356
-0.7503475351543276
-0.8244865584266824
-0.4561665764343621
-1.2162958191593773
0.3093022604858257
-0.11050351822849946
1.171744500569423
-0.5872949333823545
-1.393311835224773
1.1229328991804892
3.069345410455943
1.1994857698862837
1.5398839412090333
?[1;31m
Start test 9?[0m
Retrieving coefficients
0.11 0.62 0.28 0.94 0.53 0.94 0.06 1.0 0.61 0.45 0.03 0.79 0.87 0.32 0.66 0.5 0.14 0.82 0.44 0.13 0.43 
0.8 0.7 0.16 0.09 0.4 0.63 0.46 1.0 0.9 0.14 0.03 0.8 0.98 0.71 0.67 0.42 0.73 0.01 0.75 0.59 0.64 
0.99 0.01 0.45 0.85 0.17 0.14 0.58 0.27 0.96 0.52 0.74 0.89 0.72 0.93 0.22 0.9 0.41 0.78 0.56 0.67 0.84 
0.19 0.35 0.98 0.28 0.74 0.42 0.82 0.51 0.33 0.84 0.85 0.46 0.71 0.93 0.11 0.88 0.08 0.72 0.68 0.73 0.82 
0.59 0.52 0.17 0.62 0.9 0.66 0.23 0.47 0.29 0.78 0.43 0.99 0.67 0.63 0.38 0.85 0.72 0.6 0.97 0.75 0.96 
0.66 0.24 0.9 0.43 0.39 0.31 0.64 0.17 0.75 0.62 0.38 0.38 0.41 0.38 0.41 0.9 0.29 0.21 0.54 0.87 0.35 
0.06 0.57 0.04 0.74 0.27 0.75 0.0 0.52 0.42 0.85 0.35 0.19 0.57 0.42 0.93 0.77 0.09 0.4 0.83 0.39 0.46 
0.87 0.77 0.71 0.61 0.73 0.28 0.02 0.96 0.29 0.37 0.27 0.43 0.02 0.82 0.16 0.34 0.49 0.9 0.35 0.11 0.18 
0.87 0.7 0.4 0.27 0.35 0.57 0.36 0.89 0.09 0.78 0.64 0.84 0.06 0.69 0.41 0.4 0.64 0.55 0.81 0.69 0.27 
0.34 0.49 0.27 1.0 0.78 0.01 0.58 0.87 0.47 0.27 0.23 0.35 0.55 0.06 0.67 0.74 0.17 0.68 0.75 0.76 0.16 
0.38 0.71 0.29 0.94 0.84 0.46 0.98 0.0 0.89 0.58 0.09 0.04 0.04 0.66 0.21 0.58 0.8 0.96 0.78 0.67 0.11 
0.36 0.37 0.1 0.36 0.46 0.15 0.99 0.38 0.39 0.52 0.76 0.68 0.94 0.31 0.21 0.99 0.78 0.17 0.15 0.06 0.06 
0.94 0.3 0.35 0.24 0.79 0.86 0.7 0.81 0.2 0.23 0.52 0.91 0.55 0.21 0.47 0.44 0.1 0.97 0.61 0.13 0.03 
0.03 0.28 0.32 0.06 0.54 0.08 1.0 0.69 0.29 0.48 0.84 0.37 0.74 0.13 0.2 0.75 0.46 0.03 0.68 0.72 0.33 
0.43 0.78 0.69 0.91 0.8 0.68 0.46 0.9 0.65 0.19 0.81 0.28 0.3 0.75 0.94 0.05 0.65 0.29 0.61 0.74 0.68 
0.01 0.46 0.38 0.72 0.97 0.39 0.88 0.62 0.93 0.26 0.58 0.02 0.95 0.49 0.69 0.64 0.47 0.53 0.43 0.1 0.09 
0.83 0.72 0.84 0.41 0.53 0.53 0.67 0.09 0.49 0.42 0.88 0.14 0.09 0.02 0.49 0.29 0.29 0.17 0.08 0.9 0.45 
0.54 0.57 0.53 0.23 0.78 0.89 0.24 0.98 0.7 0.75 0.46 0.85 0.39 0.58 0.36 0.29 0.54 0.83 0.97 0.62 0.34 
0.3 0.64 0.71 0.07 0.03 0.76 0.25 0.34 0.97 0.93 0.48 0.57 0.98 0.33 0.4 0.18 0.01 0.81 0.38 0.87 0.95 
0.25 0.7 0.07 0.4 0.67 0.84 0.12 0.43 0.61 0.7 0.89 0.88 0.48 0.14 0.32 0.98 0.15 0.87 0.34 0.81 0.37 

Reducing to echelon
1.0 5.636363636363637 2.545454545454546 8.545454545454545 4.818181818181818 8.545454545454545 0.5454545454545454 9.090909090909092 5.545454545454545 4.090909090909091 0.2727272727272727 7.1818181818181825 7.909090909090909 2.909090909090909 6.0 4.545454545454546 1.272727272727273 7.454545454545454 4.0 1.1818181818181819 3.909090909090909 
-0.0 1.0 0.49260143198090695 1.771121718377088 0.9069212410501194 1.6293556085918852 -0.006205250596658721 1.6467780429594272 0.9284009546539379 0.822434367541766 0.04940334128878281 1.298329355608592 1.40381861575179 0.424582338902148 1.0842482100238664 0.8443914081145585 0.07565632458233892 1.5630071599045345 0.6431980906921241 0.09331742243436757 0.6529832935560859 
0.0 0.0 1.0 3.3469598112766454 0.6701662664088014 1.1212852173789851 0.008068915194922009 0.6568125305506545 0.951621929880491 1.559773021911462 1.1059479027196284 1.5014983104159145 1.0526569329621216 0.6158055809406424 0.4738309282440388 1.6373947109288114 -0.6360947583930181 3.1255286591715747 0.27102416424032494 0.029353424152905747 0.9010477546596386 
-0.0 -0.0 -0.0 1.0 0.031639477301107416 0.3372904509175105 -0.24171801693570644 0.2020641633201778 0.2964425908333693 0.2305667914787731 0.036993943986658395 0.4275617191463473 0.23211918569436507 -0.05451672576342268 0.22347674733153836 0.2636960717431283 -0.148917450044038 0.7648762155973545 -0.0524271689025673 -0.18779215550902295 0.07515810393681838 
0.0 0.0 0.0 0.0 1.0 0.0092707193664248 -0.03235703847820963 -0.689259940416931 -0.9664625275474108 0.9137263935238613 0.6082775704258149 0.2836870976294783 -0.35757625820958905 0.17008679183099842 -0.4077033960071065 0.6384794655396477 0.48508045609000117 0.25185007037973417 0.7567482730015691 0.6911047014615875 0.7407772918099523 
0.0 0.0 0.0 0.0 0.0 1.0 -10.230506219216975 -14.780421825133185 -3.964683861677318 0.026139172903174263 -16.93372948701564 -9.516117123683875 -17.20654637751153 -26.379955849572514 6.861222146500046 0.14473121382975543 2.7947379644942907 -17.503958931970615 -3.0650989079896727 4.058684356119503 -18.020889784650667 
-0.0 -0.0 -0.0 -0.0 -0.0 -0.0 1.0 2.286768933631557 0.6940664340349786 -1.025715949956431 1.0416751483429372 1.6661420676494274 2.1612439563438888 2.494700680943155 -1.1380649619333731 -0.8406323313474198 -0.29163460156877075 2.135272375490685 -0.5116771199416882 -1.134038688110057 1.5944152914048333 
0.0 0.0 0.0 0.0 0.0 0.0 0.0 1.0 0.2321345714300822 -1.0948663937657102 -0.47285820315750127 0.7620414761540211 0.4928791667323411 0.17255579182860079 -0.6447145296109053 -0.9463579100833385 -0.07371418348629147 0.6725911677267499 -0.8963264456139409 -0.9209993350415594 -0.09269572005539498 
-0.0 -0.0 -0.0 -0.0 -0.0 -0.0 -0.0 -0.0 1.0 -0.6986650491888343 -0.8320119581524575 -0.29772814531402836 0.7269546917589834 -0.22211163909455617 0.37324794653481236 0.07803052313319893 -0.009755508862571618 -0.6159554597143717 -0.2447822248207082 -0.15703491727798755 0.04702684670926567 
-0.0 -0.0 -0.0 -0.0 -0.0 -0.0 -0.0 -0.0 -0.0 1.0 1.7839721548344756 -0.20561098320736929 0.7637360352014751 2.720508187532417 -0.4511701867642562 0.6562437691715943 -0.18678581690611765 1.1594897890619311 0.6240087668433432 -0.44910451988217126 1.9126767003781717 
0.0 0.0 0.0 0.0 0.0 0.0 0.0 0.0 0.0 0.0 1.0 0.10618486954586434 0.01085329573297464 2.7505015085178766 -1.776106234409648 -0.7449946394784708 0.14821783506785294 2.0673861581183743 -0.6278947034984692 -1.6260774576844552 1.125204823159668 
0.0 0.0 0.0 0.0 0.0 0.0 0.0 0.0 0.0 0.0 0.0 1.0 2.1038151433587813 -2.81447779063258 0.7738081633569749 2.1404823950801517 1.1372029227264746 -2.613169571394165 -2.647024585638841 -2.4264074624778464 -2.1687776965909187 
0.0 0.0 0.0 0.0 0.0 0.0 0.0 0.0 0.0 0.0 0.0 0.0 1.0 -1.702550147411958 0.8662322110662442 1.248782741673692 0.1923964643474943 -1.4516218670413374 -1.148696121892285 -1.2216571598026493 -1.406054229730631 
-0.0 -0.0 -0.0 -0.0 -0.0 -0.0 -0.0 -0.0 -0.0 -0.0 -0.0 -0.0 -0.0 1.0 -0.11455526429368362 -0.3091855967788312 -0.3868761152836941 0.6376772459597865 0.42784598652859906 0.36832809295083063 0.7887575174358794 
0.0 0.0 0.0 0.0 0.0 0.0 0.0 0.0 0.0 0.0 0.0 0.0 0.0 0.0 1.0 -0.14487160080629713 -0.19936074095427897 -0.7791764117416715 1.0380183496841413 1.7221659674998475 0.9096325263763239 
-0.0 -0.0 -0.0 -0.0 -0.0 -0.0 -0.0 -0.0 -0.0 -0.0 -0.0 -0.0 -0.0 -0.0 -0.0 1.0 -1.1708625047154837 -2.402923790428759 6.581557237810886 9.265844834427181 9.092573181133613 
-0.0 -0.0 -0.0 -0.0 -0.0 -0.0 -0.0 -0.0 -0.0 -0.0 -0.0 -0.0 -0.0 -0.0 -0.0 -0.0 1.0 0.20732668287069403 -2.237021918697969 -3.447610728403795 -3.240647638914454 
0.0 0.0 0.0 0.0 0.0 0.0 0.0 0.0 0.0 0.0 0.0 0.0 0.0 0.0 0.0 0.0 0.0 1.0 -2.5096424873822234 -4.1259850998818575 -3.8413375931483866 
0.0 0.0 0.0 0.0 0.0 0.0 0.0 0.0 0.0 0.0 0.0 0.0 0.0 0.0 0.0 0.0 0.0 0.0 1.0 0.9449364064569267 1.081096565072799 
0.0 0.0 0.0 0.0 0.0 0.0 0.0 0.0 0.0 0.0 0.0 0.0 0.0 0.0 0.0 0.0 0.0 0.0 0.0 1.0 0.47156285858406827 

Reducing to reduced echelon
1.0 0.0 0.0 0.0 0.0 0.0 0.0 0.0 0.0 0.0 0.0 0.0 0.0 0.0 0.0 0.0 0.0 0.0 0.0 0.0 0.21820058234235296 
0.0 1.0 0.0 0.0 0.0 0.0 0.0 0.0 0.0 0.0 0.0 0.0 0.0 0.0 0.0 0.0 0.0 0.0 0.0 0.0 0.3886357097625328 
0.0 0.0 1.0 0.0 0.0 0.0 0.0 0.0 0.0 0.0 0.0 0.0 0.0 0.0 0.0 0.0 0.0 0.0 0.0 0.0 0.23368846425840228 
0.0 0.0 0.0 1.0 0.0 0.0 0.0 0.0 0.0 0.0 0.0 0.0 0.0 0.0 0.0 0.0 0.0 0.0 0.0 0.0 0.5804130341264104 
0.0 0.0 0.0 0.0 1.0 0.0 0.0 0.0 0.0 0.0 0.0 0.0 0.0 0.0 0.0 0.0 0.0 0.0 0.0 0.0 -0.18672509518968186 
0.0 0.0 0.0 0.0 0.0 1.0 0.0 0.0 0.0 0.0 0.0 0.0 0.0 0.0 0.0 0.0 0.0 0.0 0.0 0.0 0.3535599775759053 
0.0 0.0 0.0 0.0 0.0 0.0 1.0 0.0 0.0 0.0 0.0 0.0 0.0 0.0 0.0 0.0 0.0 0.0 0.0 0.0 -0.5596661622083989 
0.0 0.0 0.0 0.0 0.0 0.0 0.0 1.0 0.0 0.0 0.0 0.0 0.0 0.0 0.0 0.0 0.0 0.0 0.0 0.0 -0.47057133049683186 
0.0 0.0 0.0 0.0 0.0 0.0 0.0 0.0 1.0 0.0 0.0 0.0 0.0 0.0 0.0 0.0 0.0 0.0 0.0 0.0 -0.3945589792856226 
0.0 0.0 0.0 0.0 0.0 0.0 0.0 0.0 0.0 1.0 0.0 0.0 0.0 0.0 0.0 0.0 0.0 0.0 0.0 0.0 -0.4577408854539498 
0.0 0.0 0.0 0.0 0.0 0.0 0.0 0.0 0.0 0.0 1.0 0.0 0.0 0.0 0.0 0.0 0.0 0.0 0.0 0.0 0.371044695707244 
0.0 0.0 0.0 0.0 0.0 0.0 0.0 0.0 0.0 0.0 0.0 1.0 0.0 0.0 0.0 0.0 0.0 0.0 0.0 0.0 -0.19593567201465412 
0.0 0.0 0.0 0.0 0.0 0.0 0.0 0.0 0.0 0.0 0.0 0.0 1.0 0.0 0.0 0.0 0.0 0.0 0.0 0.0 1.1402904217137635 
0.0 0.0 0.0 0.0 0.0 0.0 0.0 0.0 0.0 0.0 0.0 0.0 0.0 1.0 0.0 0.0 0.0 0.0 0.0 0.0 0.28081610303503196 
0.0 0.0 0.0 0.0 0.0 0.0 0.0 0.0 0.0 0.0 0.0 0.0 0.0 0.0 1.0 0.0 0.0 0.0 0.0 0.0 -0.8712103045039047 
0.0 0.0 0.0 0.0 0.0 0.0 0.0 0.0 0.0 0.0 0.0 0.0 0.0 0.0 0.0 1.0 0.0 0.0 0.0 0.0 -0.33548695376012494 
0.0 0.0 0.0 0.0 0.0 0.0 0.0 0.0 0.0 0.0 0.0 0.0 0.0 0.0 0.0 0.0 1.0 0.0 0.0 0.0 -0.13089208871108768 
0.0 0.0 0.0 0.0 0.0 0.0 0.0 0.0 0.0 0.0 0.0 0.0 0.0 0.0 0.0 0.0 0.0 1.0 0.0 0.0 -0.3007993374368587 
0.0 0.0 0.0 0.0 0.0 0.0 0.0 0.0 0.0 0.0 0.0 0.0 0.0 0.0 0.0 0.0 0.0 0.0 1.0 0.0 0.6354996520638136 
0.0 0.0 0.0 0.0 0.0 0.0 0.0 0.0 0.0 0.0 0.0 0.0 0.0 0.0 0.0 0.0 0.0 0.0 0.0 1.0 0.47156285858406827 

Checking for valid matrix
Valid Matrix
Solution = [0.21820058234235296, 0.3886357097625328, 0.23368846425840228, 0.5804130341264104, -0.18672509518968186, 0.3535599775759053, -0.5596661622083989, -0.47057133049683186, -0.3945589792856226, -0.4577408854539498, 0.371044695707244, -0.19593567201465412, 1.1402904217137635, 0.28081610303503196, -0.8712103045039047, -0.33548695376012494, -0.13089208871108768, -0.3007993374368587, 0.6354996520638136, 0.47156285858406827]
created: out.txt
Writing to file:
0.21820058234235296
0.3886357097625328
0.23368846425840228
0.5804130341264104
-0.18672509518968186
0.3535599775759053
-0.5596661622083989
-0.47057133049683186
-0.3945589792856226
-0.4577408854539498
0.371044695707244
-0.19593567201465412
1.1402904217137635
0.28081610303503196
-0.8712103045039047
-0.33548695376012494
-0.13089208871108768
-0.3007993374368587
0.6354996520638136
0.47156285858406827
]]></system-out>
  <system-err><![CDATA[]]></system-err>
</testsuite>
