<?xml version="1.0" encoding="UTF-8"?>
<testsuite name="SimpleSearchEngineTest" tests="1" skipped="0" failures="0" errors="0" timestamp="2020-05-19T20:58:32" hostname="LAPTOP-016GJG3B" time="0.106">
  <properties/>
  <testcase name="start" classname="SimpleSearchEngineTest" time="0.106"/>
  <system-out><![CDATA[?[1;31m
Start test 1?[0m
> 1
> John
> 1
> this text will definitely be no match
No matching people found.
?[1;31m
Start test 2?[0m
> 3
> john smith smith@gmail.com
> John lock john_lock@somecompany.com
> help me iamaprogrammer@gmail.com
> 4
> john
Found people:
john smith smith@gmail.com
John lock john_lock@somecompany.com
> Somecompany
Found people:
John lock john_lock@somecompany.com
> @
Found people:
john smith smith@gmail.com
John lock john_lock@somecompany.com
help me iamaprogrammer@gmail.com
> this text will definitely be no match
No matching people found.
]]></system-out>
  <system-err><![CDATA[]]></system-err>
</testsuite>
