<?xml version="1.0" encoding="UTF-8"?>
<testsuite name="ContactsTest" tests="1" skipped="0" failures="1" errors="0" timestamp="2020-09-12T00:05:31" hostname="LAPTOP-016GJG3B" time="0.33">
  <properties/>
  <testcase name="start" classname="ContactsTest" time="0.33">
    <failure message="java.lang.AssertionError: Wrong answer in test #24&#10;&#10;Test contains an illegal phone number &quot;123+456 78912&quot;, you should print &quot;[no number]&quot; instead of this number&#10;&#10;Please find below the output of your program during this failed test.&#10;Note that the '&gt;' character indicates the beginning of the input line.&#10;&#10;---&#10;&#10;Enter action (add, remove, edit, count, list, exit): &gt; count&#10;The Phone Book has 0 records.&#10;Enter action (add, remove, edit, count, list, exit): &gt; add&#10;Enter the name: &gt; John1&#10;Enter the surname: &gt; Smith2&#10;Enter the number: &gt; 123+456 78912&#10;The record added.&#10;Enter action (add, remove, edit, count, list, exit): &gt; list&#10;1. John1 Smith2, 123+456 78912&#10;Enter action (add, remove, edit, count, list, exit): &gt; exit" type="java.lang.AssertionError">java.lang.AssertionError: Wrong answer in test #24

Test contains an illegal phone number &quot;123+456 78912&quot;, you should print &quot;[no number]&quot; instead of this number

Please find below the output of your program during this failed test.
Note that the '&gt;' character indicates the beginning of the input line.

---

Enter action (add, remove, edit, count, list, exit): &gt; count
The Phone Book has 0 records.
Enter action (add, remove, edit, count, list, exit): &gt; add
Enter the name: &gt; John1
Enter the surname: &gt; Smith2
Enter the number: &gt; 123+456 78912
The record added.
Enter action (add, remove, edit, count, list, exit): &gt; list
1. John1 Smith2, 123+456 78912
Enter action (add, remove, edit, count, list, exit): &gt; exit
	at org.junit.Assert.fail(Assert.java:88)
	at org.hyperskill.hstest.stage.StageTest.start(StageTest.java:97)
	at java.base/jdk.internal.reflect.NativeMethodAccessorImpl.invoke0(Native Method)
	at java.base/jdk.internal.reflect.NativeMethodAccessorImpl.invoke(NativeMethodAccessorImpl.java:62)
	at java.base/jdk.internal.reflect.DelegatingMethodAccessorImpl.invoke(DelegatingMethodAccessorImpl.java:43)
	at java.base/java.lang.reflect.Method.invoke(Method.java:566)
	at org.junit.runners.model.FrameworkMethod$1.runReflectiveCall(FrameworkMethod.java:50)
	at org.junit.internal.runners.model.ReflectiveCallable.run(ReflectiveCallable.java:12)
	at org.junit.runners.model.FrameworkMethod.invokeExplosively(FrameworkMethod.java:47)
	at org.junit.internal.runners.statements.InvokeMethod.evaluate(InvokeMethod.java:17)
	at org.junit.runners.ParentRunner.runLeaf(ParentRunner.java:325)
	at org.junit.runners.BlockJUnit4ClassRunner.runChild(BlockJUnit4ClassRunner.java:78)
	at org.junit.runners.BlockJUnit4ClassRunner.runChild(BlockJUnit4ClassRunner.java:57)
	at org.junit.runners.ParentRunner$3.run(ParentRunner.java:290)
	at org.junit.runners.ParentRunner$1.schedule(ParentRunner.java:71)
	at org.junit.runners.ParentRunner.runChildren(ParentRunner.java:288)
	at org.junit.runners.ParentRunner.access$000(ParentRunner.java:58)
	at org.junit.runners.ParentRunner$2.evaluate(ParentRunner.java:268)
	at org.junit.runners.ParentRunner.run(ParentRunner.java:363)
	at org.gradle.api.internal.tasks.testing.junit.JUnitTestClassExecutor.runTestClass(JUnitTestClassExecutor.java:110)
	at org.gradle.api.internal.tasks.testing.junit.JUnitTestClassExecutor.execute(JUnitTestClassExecutor.java:58)
	at org.gradle.api.internal.tasks.testing.junit.JUnitTestClassExecutor.execute(JUnitTestClassExecutor.java:38)
	at org.gradle.api.internal.tasks.testing.junit.AbstractJUnitTestClassProcessor.processTestClass(AbstractJUnitTestClassProcessor.java:62)
	at org.gradle.api.internal.tasks.testing.SuiteTestClassProcessor.processTestClass(SuiteTestClassProcessor.java:51)
	at java.base/jdk.internal.reflect.NativeMethodAccessorImpl.invoke0(Native Method)
	at java.base/jdk.internal.reflect.NativeMethodAccessorImpl.invoke(NativeMethodAccessorImpl.java:62)
	at java.base/jdk.internal.reflect.DelegatingMethodAccessorImpl.invoke(DelegatingMethodAccessorImpl.java:43)
	at java.base/java.lang.reflect.Method.invoke(Method.java:566)
	at org.gradle.internal.dispatch.ReflectionDispatch.dispatch(ReflectionDispatch.java:35)
	at org.gradle.internal.dispatch.ReflectionDispatch.dispatch(ReflectionDispatch.java:24)
	at org.gradle.internal.dispatch.ContextClassLoaderDispatch.dispatch(ContextClassLoaderDispatch.java:32)
	at org.gradle.internal.dispatch.ProxyDispatchAdapter$DispatchingInvocationHandler.invoke(ProxyDispatchAdapter.java:93)
	at com.sun.proxy.$Proxy2.processTestClass(Unknown Source)
	at org.gradle.api.internal.tasks.testing.worker.TestWorker.processTestClass(TestWorker.java:118)
	at java.base/jdk.internal.reflect.NativeMethodAccessorImpl.invoke0(Native Method)
	at java.base/jdk.internal.reflect.NativeMethodAccessorImpl.invoke(NativeMethodAccessorImpl.java:62)
	at java.base/jdk.internal.reflect.DelegatingMethodAccessorImpl.invoke(DelegatingMethodAccessorImpl.java:43)
	at java.base/java.lang.reflect.Method.invoke(Method.java:566)
	at org.gradle.internal.dispatch.ReflectionDispatch.dispatch(ReflectionDispatch.java:35)
	at org.gradle.internal.dispatch.ReflectionDispatch.dispatch(ReflectionDispatch.java:24)
	at org.gradle.internal.remote.internal.hub.MessageHubBackedObjectConnection$DispatchWrapper.dispatch(MessageHubBackedObjectConnection.java:175)
	at org.gradle.internal.remote.internal.hub.MessageHubBackedObjectConnection$DispatchWrapper.dispatch(MessageHubBackedObjectConnection.java:157)
	at org.gradle.internal.remote.internal.hub.MessageHub$Handler.run(MessageHub.java:404)
	at org.gradle.internal.concurrent.ExecutorPolicy$CatchAndRecordFailures.onExecute(ExecutorPolicy.java:63)
	at org.gradle.internal.concurrent.ManagedExecutorImpl$1.run(ManagedExecutorImpl.java:46)
	at java.base/java.util.concurrent.ThreadPoolExecutor.runWorker(ThreadPoolExecutor.java:1128)
	at java.base/java.util.concurrent.ThreadPoolExecutor$Worker.run(ThreadPoolExecutor.java:628)
	at org.gradle.internal.concurrent.ThreadFactoryImpl$ManagedThreadRunnable.run(ThreadFactoryImpl.java:55)
	at java.base/java.lang.Thread.run(Thread.java:834)
</failure>
  </testcase>
  <system-out><![CDATA[?[1;31m
Start test 1?[0m
Enter action (add, remove, edit, count, list, exit): > exit
?[1;31m
Start test 2?[0m
Enter action (add, remove, edit, count, list, exit): > count
The Phone Book has 0 records.
Enter action (add, remove, edit, count, list, exit): > exit
?[1;31m
Start test 3?[0m
Enter action (add, remove, edit, count, list, exit): > edit
No records to edit!
Enter action (add, remove, edit, count, list, exit): > exit
?[1;31m
Start test 4?[0m
Enter action (add, remove, edit, count, list, exit): > remove
No records to remove!
Enter action (add, remove, edit, count, list, exit): > exit
?[1;31m
Start test 5?[0m
Enter action (add, remove, edit, count, list, exit): > add
Enter the name: > John
Enter the surname: > Smith
Enter the number: > 123 456 789
The record added.
Enter action (add, remove, edit, count, list, exit): > count
The Phone Book has 1 records.
Enter action (add, remove, edit, count, list, exit): > exit
?[1;31m
Start test 6?[0m
Enter action (add, remove, edit, count, list, exit): > add
Enter the name: > John1
Enter the surname: > Smith2
Enter the number: > 123-456-78912
The record added.
Enter action (add, remove, edit, count, list, exit): > list
1. John1 Smith2, 123-456-78912
Enter action (add, remove, edit, count, list, exit): > exit
?[1;31m
Start test 7?[0m
Enter action (add, remove, edit, count, list, exit): > count
The Phone Book has 0 records.
Enter action (add, remove, edit, count, list, exit): > add
Enter the name: > John1
Enter the surname: > Smith2
Enter the number: > 123
The record added.
Enter action (add, remove, edit, count, list, exit): > list
1. John1 Smith2, 123
Enter action (add, remove, edit, count, list, exit): > exit
?[1;31m
Start test 8?[0m
Enter action (add, remove, edit, count, list, exit): > count
The Phone Book has 0 records.
Enter action (add, remove, edit, count, list, exit): > add
Enter the name: > John1
Enter the surname: > Smith2
Enter the number: > 123 abc
The record added.
Enter action (add, remove, edit, count, list, exit): > list
1. John1 Smith2, 123 abc
Enter action (add, remove, edit, count, list, exit): > exit
?[1;31m
Start test 9?[0m
Enter action (add, remove, edit, count, list, exit): > count
The Phone Book has 0 records.
Enter action (add, remove, edit, count, list, exit): > add
Enter the name: > John1
Enter the surname: > Smith2
Enter the number: > 123-ABC
The record added.
Enter action (add, remove, edit, count, list, exit): > list
1. John1 Smith2, 123-ABC
Enter action (add, remove, edit, count, list, exit): > exit
?[1;31m
Start test 10?[0m
Enter action (add, remove, edit, count, list, exit): > count
The Phone Book has 0 records.
Enter action (add, remove, edit, count, list, exit): > add
Enter the name: > John1
Enter the surname: > Smith2
Enter the number: > 123 456 xyz
The record added.
Enter action (add, remove, edit, count, list, exit): > list
1. John1 Smith2, 123 456 xyz
Enter action (add, remove, edit, count, list, exit): > exit
?[1;31m
Start test 11?[0m
Enter action (add, remove, edit, count, list, exit): > count
The Phone Book has 0 records.
Enter action (add, remove, edit, count, list, exit): > add
Enter the name: > John1
Enter the surname: > Smith2
Enter the number: > 123-456-XYZ
The record added.
Enter action (add, remove, edit, count, list, exit): > list
1. John1 Smith2, 123-456-XYZ
Enter action (add, remove, edit, count, list, exit): > exit
?[1;31m
Start test 12?[0m
Enter action (add, remove, edit, count, list, exit): > count
The Phone Book has 0 records.
Enter action (add, remove, edit, count, list, exit): > add
Enter the name: > John1
Enter the surname: > Smith2
Enter the number: > 123 456-789
The record added.
Enter action (add, remove, edit, count, list, exit): > list
1. John1 Smith2, 123 456-789
Enter action (add, remove, edit, count, list, exit): > exit
?[1;31m
Start test 13?[0m
Enter action (add, remove, edit, count, list, exit): > count
The Phone Book has 0 records.
Enter action (add, remove, edit, count, list, exit): > add
Enter the name: > John1
Enter the surname: > Smith2
Enter the number: > 123-456 789
The record added.
Enter action (add, remove, edit, count, list, exit): > list
1. John1 Smith2, 123-456 789
Enter action (add, remove, edit, count, list, exit): > exit
?[1;31m
Start test 14?[0m
Enter action (add, remove, edit, count, list, exit): > count
The Phone Book has 0 records.
Enter action (add, remove, edit, count, list, exit): > add
Enter the name: > John1
Enter the surname: > Smith2
Enter the number: > 123 45-up-89
The record added.
Enter action (add, remove, edit, count, list, exit): > list
1. John1 Smith2, 123 45-up-89
Enter action (add, remove, edit, count, list, exit): > exit
?[1;31m
Start test 15?[0m
Enter action (add, remove, edit, count, list, exit): > count
The Phone Book has 0 records.
Enter action (add, remove, edit, count, list, exit): > add
Enter the name: > John1
Enter the surname: > Smith2
Enter the number: > (123)
The record added.
Enter action (add, remove, edit, count, list, exit): > list
1. John1 Smith2, (123)
Enter action (add, remove, edit, count, list, exit): > exit
?[1;31m
Start test 16?[0m
Enter action (add, remove, edit, count, list, exit): > count
The Phone Book has 0 records.
Enter action (add, remove, edit, count, list, exit): > add
Enter the name: > John1
Enter the surname: > Smith2
Enter the number: > (123) 456
The record added.
Enter action (add, remove, edit, count, list, exit): > list
1. John1 Smith2, (123) 456
Enter action (add, remove, edit, count, list, exit): > exit
?[1;31m
Start test 17?[0m
Enter action (add, remove, edit, count, list, exit): > count
The Phone Book has 0 records.
Enter action (add, remove, edit, count, list, exit): > add
Enter the name: > John1
Enter the surname: > Smith2
Enter the number: > 123-(456)
The record added.
Enter action (add, remove, edit, count, list, exit): > list
1. John1 Smith2, 123-(456)
Enter action (add, remove, edit, count, list, exit): > exit
?[1;31m
Start test 18?[0m
Enter action (add, remove, edit, count, list, exit): > count
The Phone Book has 0 records.
Enter action (add, remove, edit, count, list, exit): > add
Enter the name: > John1
Enter the surname: > Smith2
Enter the number: > 123 (456) 789
The record added.
Enter action (add, remove, edit, count, list, exit): > list
1. John1 Smith2, 123 (456) 789
Enter action (add, remove, edit, count, list, exit): > exit
?[1;31m
Start test 19?[0m
Enter action (add, remove, edit, count, list, exit): > count
The Phone Book has 0 records.
Enter action (add, remove, edit, count, list, exit): > add
Enter the name: > John1
Enter the surname: > Smith2
Enter the number: > 123-(456)-789
The record added.
Enter action (add, remove, edit, count, list, exit): > list
1. John1 Smith2, 123-(456)-789
Enter action (add, remove, edit, count, list, exit): > exit
?[1;31m
Start test 20?[0m
Enter action (add, remove, edit, count, list, exit): > count
The Phone Book has 0 records.
Enter action (add, remove, edit, count, list, exit): > add
Enter the name: > John1
Enter the surname: > Smith2
Enter the number: > (123) 456-789
The record added.
Enter action (add, remove, edit, count, list, exit): > list
1. John1 Smith2, (123) 456-789
Enter action (add, remove, edit, count, list, exit): > exit
?[1;31m
Start test 21?[0m
Enter action (add, remove, edit, count, list, exit): > count
The Phone Book has 0 records.
Enter action (add, remove, edit, count, list, exit): > add
Enter the name: > John1
Enter the surname: > Smith2
Enter the number: > (123)-456 789
The record added.
Enter action (add, remove, edit, count, list, exit): > list
1. John1 Smith2, (123)-456 789
Enter action (add, remove, edit, count, list, exit): > exit
?[1;31m
Start test 22?[0m
Enter action (add, remove, edit, count, list, exit): > count
The Phone Book has 0 records.
Enter action (add, remove, edit, count, list, exit): > add
Enter the name: > John1
Enter the surname: > Smith2
Enter the number: > 123 (45)-67-89
The record added.
Enter action (add, remove, edit, count, list, exit): > list
1. John1 Smith2, 123 (45)-67-89
Enter action (add, remove, edit, count, list, exit): > exit
?[1;31m
Start test 23?[0m
Enter action (add, remove, edit, count, list, exit): > count
The Phone Book has 0 records.
Enter action (add, remove, edit, count, list, exit): > add
Enter the name: > John1
Enter the surname: > Smith2
Enter the number: > +(phone)
The record added.
Enter action (add, remove, edit, count, list, exit): > list
1. John1 Smith2, +(phone)
Enter action (add, remove, edit, count, list, exit): > exit
?[1;31m
Start test 24?[0m
Enter action (add, remove, edit, count, list, exit): > count
The Phone Book has 0 records.
Enter action (add, remove, edit, count, list, exit): > add
Enter the name: > John1
Enter the surname: > Smith2
Enter the number: > 123+456 78912
The record added.
Enter action (add, remove, edit, count, list, exit): > list
1. John1 Smith2, 123+456 78912
Enter action (add, remove, edit, count, list, exit): > exit
]]></system-out>
  <system-err><![CDATA[]]></system-err>
</testsuite>
