<?xml version="1.0" encoding="UTF-8"?>
<testsuite name="BudgetManagerTest" tests="1" skipped="0" failures="0" errors="0" timestamp="2020-07-28T17:26:54" hostname="LAPTOP-016GJG3B" time="0.166">
  <properties/>
  <testcase name="start" classname="BudgetManagerTest" time="0.166"/>
  <system-out><![CDATA[?[1;31m
Start test 1?[0m
Choose your action:
1) Add income
2) Add purchase
3) Show list of purchases
4) Balance
0) Exit
> 0

Bye!
?[1;31m
Start test 2?[0m
Choose your action:
1) Add income
2) Add purchase
3) Show list of purchases
4) Balance
0) Exit
> 0

Bye!
?[1;31m
Start test 3?[0m
Choose your action:
1) Add income
2) Add purchase
3) Show list of purchases
4) Balance
0) Exit
> 4

Balance: $0.0

Choose your action:
1) Add income
2) Add purchase
3) Show list of purchases
4) Balance
0) Exit
> 0

Bye!
?[1;31m
Start test 4?[0m
Choose your action:
1) Add income
2) Add purchase
3) Show list of purchases
4) Balance
0) Exit
> 1

Enter income:
> 400

Choose your action:
1) Add income
2) Add purchase
3) Show list of purchases
4) Balance
0) Exit
> 4

Balance: $400.0

Choose your action:
1) Add income
2) Add purchase
3) Show list of purchases
4) Balance
0) Exit
> 1

Enter income:
> 200

Choose your action:
1) Add income
2) Add purchase
3) Show list of purchases
4) Balance
0) Exit
> 4

Balance: $600.0

Choose your action:
1) Add income
2) Add purchase
3) Show list of purchases
4) Balance
0) Exit
> 0

Bye!
?[1;31m
Start test 5?[0m
Choose your action:
1) Add income
2) Add purchase
3) Show list of purchases
4) Balance
0) Exit
> 1

Enter income:
> 600

Choose your action:
1) Add income
2) Add purchase
3) Show list of purchases
4) Balance
0) Exit
> 2

Choose the type of purchase
1) Food
2) Clothes
3) Entertainment
4) Other
5) Back
> 1

Enter purchase name:
> Milk
Enter its price:
> 3.5
Purhcase was added

Choose the type of purchase
1) Food
2) Clothes
3) Entertainment
4) Other
5) Back
> 2

Enter purchase name:
> Men's Dual Defense Crew Socks 12 Pairs
Enter its price:
> 13
Purhcase was added

Choose the type of purchase
1) Food
2) Clothes
3) Entertainment
4) Other
5) Back
> 3

Enter purchase name:
> Cinema
Enter its price:
> 8.73
Purhcase was added

Choose the type of purchase
1) Food
2) Clothes
3) Entertainment
4) Other
5) Back
> 5

Choose your action:
1) Add income
2) Add purchase
3) Show list of purchases
4) Balance
0) Exit
> 3

Choose the type of purchase
1) Food
2) Clothes
3) Entertainment
4) Other
5) All
6) Back
> 1

Food:
Entertainment:
Clothes:
Other
All:
Milk $3.5
Total sum: $3.5

Choose the type of purchase
1) Food
2) Clothes
3) Entertainment
4) Other
5) All
6) Back
> 2

Clothes:
Other
All:
Men's Dual Defense Crew Socks 12 Pairs $13.0
Total sum: $13.0

Choose the type of purchase
1) Food
2) Clothes
3) Entertainment
4) Other
5) All
6) Back
> 3

Entertainment:
Clothes:
Other
All:
Cinema $8.73
Total sum: $8.73

Choose the type of purchase
1) Food
2) Clothes
3) Entertainment
4) Other
5) All
6) Back
> 5

All:
Milk $3.5
Men's Dual Defense Crew Socks 12 Pairs $13.0
Cinema $8.73
Total sum: $25.23

Choose the type of purchase
1) Food
2) Clothes
3) Entertainment
4) Other
5) All
6) Back
> 6

Choose your action:
1) Add income
2) Add purchase
3) Show list of purchases
4) Balance
0) Exit
> 0

Bye!
]]></system-out>
  <system-err><![CDATA[]]></system-err>
</testsuite>
