<?xml version="1.0" encoding="UTF-8"?>
<testsuite name="MinesweeperTest" tests="1" skipped="0" failures="0" errors="0" timestamp="2020-06-16T00:14:06" hostname="LAPTOP-016GJG3B" time="1.144">
  <properties/>
  <testcase name="start" classname="MinesweeperTest" time="1.144"/>
  <system-out><![CDATA[?[1;31m
Start test 1?[0m
How many mines do you want on the field?
> 1
.........
.........
.........
...111...
...1X1...
...111...
.........
.........
.........
?[1;31m
Start test 2?[0m
How many mines do you want on the field?
> 1
.........
.........
.........
.........
.........
..111....
..1X1....
..111....
.........
?[1;31m
Start test 3?[0m
How many mines do you want on the field?
> 2
.........
.........
.........
....111..
....1X1..
....111..
.........
.......11
.......1X
?[1;31m
Start test 4?[0m
How many mines do you want on the field?
> 2
.1X1.1X1.
.111.111.
.........
.........
.........
.........
.........
.........
.........
?[1;31m
Start test 5?[0m
How many mines do you want on the field?
> 3
....1X1..
....111..
.........
..111....
..1X21...
..12X1...
...111...
.........
.........
?[1;31m
Start test 6?[0m
How many mines do you want on the field?
> 3
1X1.1X1..
111.111..
.........
.........
.........
.111.....
.1X1.....
.111.....
.........
?[1;31m
Start test 7?[0m
How many mines do you want on the field?
> 4
..111.111
..1X1.1X1
..1111221
.....1X1.
.....111.
.........
....111..
....1X1..
....111..
?[1;31m
Start test 8?[0m
How many mines do you want on the field?
> 4
12X1...11
X211...1X
22.....11
X1.......
11.......
.........
.........
.........
.........
?[1;31m
Start test 9?[0m
How many mines do you want on the field?
> 5
..111..11
..1X1..1X
11111..11
X2221....
12XX1....
.1221....
.........
.........
.........
?[1;31m
Start test 10?[0m
How many mines do you want on the field?
> 5
..11211..
..1X2X1..
..11211..
..111....
..1X1....
..111....
..11211..
..1X2X1..
..11211..
?[1;31m
Start test 11?[0m
How many mines do you want on the field?
> 6
11.......
X1....111
11..112X1
....1X211
11..222..
X1..1X1..
11..111..
......111
......1X1
?[1;31m
Start test 12?[0m
How many mines do you want on the field?
> 6
..1X2X1..
.122211..
.1X1.....
.111.....
.........
.........
11111....
X11X1111.
111111X1.
?[1;31m
Start test 13?[0m
How many mines do you want on the field?
> 7
.........
.........
.......11
...12322X
...1XXX21
...12321.
.111...11
.1X1..12X
.111..1X2
?[1;31m
Start test 14?[0m
How many mines do you want on the field?
> 7
......1X2
111...12X
1X1123221
1111XXX1.
...12321.
.........
.......11
.......1X
.......11
?[1;31m
Start test 15?[0m
How many mines do you want on the field?
> 8
.......1X
11.....11
X2..11111
X3..1X11X
X2..11111
221......
1X1......
11211....
..1X1....
?[1;31m
Start test 16?[0m
How many mines do you want on the field?
> 8
1X1...111
222...1X2
1X211.12X
112X1..11
..22311..
..1X2X1..
..11211..
111......
1X1......
?[1;31m
Start test 17?[0m
How many mines do you want on the field?
> 9
X11X1.111
1111212X1
..112X211
..1X211..
..111..11
1211...1X
X2X1...11
1211.111.
.....1X1.
?[1;31m
Start test 18?[0m
How many mines do you want on the field?
> 9
1X1......
111......
.1221111.
.1XX12X2.
.12223X2.
...12X221
...1X211X
...122111
....1X1..
?[1;31m
Start test 19?[0m
How many mines do you want on the field?
> 10
1X212X211
112X212X1
112121211
1X1.1X21.
111.12X1.
11...111.
X1..11111
11..1X11X
....11111
?[1;31m
Start test 20?[0m
How many mines do you want on the field?
> 10
.1X1.....
1221.....
1X1..111.
111..1X1.
.11223321
.1X2XX2X1
.22322222
.1X1...2X
.111...2X
?[1;31m
Start test 21?[0m
How many mines do you want on the field?
> 11
....1X211
..11212X1
..1X1.111
..1221...
..13X2...
123XX2...
1XX531...
13XX1111.
.12211X1.
?[1;31m
Start test 22?[0m
How many mines do you want on the field?
> 11
1XXX12X2.
123212X2.
....12332
..112X2XX
..2X31222
..2X2....
..111.111
......1X1
......111
?[1;31m
Start test 23?[0m
How many mines do you want on the field?
> 12
1232213X2
1XXX2X3X2
123221222
.......1X
.......11
.111.....
.1X111211
.1223X3X1
..1X3X311
?[1;31m
Start test 24?[0m
How many mines do you want on the field?
> 12
11212X3X2
1X2X213X2
11322.111
..1X321..
.134XX1..
.1XX32211
12221.1X1
X1....111
11.......
?[1;31m
Start test 25?[0m
How many mines do you want on the field?
> 13
X2.1X21..
X2.12X21.
121112X1.
.1X11221.
.1111X211
....112X2
12111122X
X2X12X211
12112X2..
?[1;31m
Start test 26?[0m
How many mines do you want on the field?
> 13
12XX21221
1X4X21XX1
112112331
.11212X1.
.1X2X321.
.1122X1..
....222..
111.2X2..
1X1.2X2..
?[1;31m
Start test 27?[0m
How many mines do you want on the field?
> 14
....112X2
....2X32X
....3X422
111.3X4X2
1X223X32X
12X3X2111
123X21...
2X211....
X21......
?[1;31m
Start test 28?[0m
How many mines do you want on the field?
> 14
12XXX1...
1X3321...
111....11
11..1112X
X3222X23X
2XX2X22X2
233211111
2X2......
2X2......
?[1;31m
Start test 29?[0m
How many mines do you want on the field?
> 15
.111.....
.1X111111
12111X12X
X1..1124X
221...1XX
1X21.1232
24X422X21
1XXXX212X
123321.11
?[1;31m
Start test 30?[0m
How many mines do you want on the field?
> 15
..1X1.1X2
11222112X
2X32X2111
2XX22X21.
122112X1.
.....111.
221......
XX1.12221
X31.1XX2X
?[1;31m
Start test 31?[0m
How many mines do you want on the field?
> 16
2X3X1....
2X421111.
12X211X1.
122X2211.
X112X2211
22.23X2X1
X211X3322
2X112X22X
111.12X21
?[1;31m
Start test 32?[0m
How many mines do you want on the field?
> 16
..1X1111.
111112X2.
X1.113X2.
2211X3321
1X112X4X3
111123XXX
..12X3443
112X3X2X1
1X2121211
?[1;31m
Start test 33?[0m
How many mines do you want on the field?
> 17
1X22X11XX
12X211122
.1221....
..2X2....
112X2....
X22221111
24X22X32X
X5X22XX21
XX211221.
?[1;31m
Start test 34?[0m
How many mines do you want on the field?
> 17
11112X111
X22X4232X
X33X4X3X2
12X23X311
.233211..
12XX1....
X3331..11
23X211.1X
1X22X1.11
?[1;31m
Start test 35?[0m
How many mines do you want on the field?
> 18
..2XX11X1
.13X31111
12X32211.
X212X3X42
22.113XXX
X1...125X
22111..3X
X11X21.2X
1112X1.11
?[1;31m
Start test 36?[0m
How many mines do you want on the field?
> 18
..113XX21
222X3X5X1
XX3233X31
X43X12X2.
2X3221221
112X1.1X2
11111.13X
X2.....2X
X2.....11
?[1;31m
Start test 37?[0m
How many mines do you want on the field?
> 19
.12X2211.
.1X3X2X1.
.11324331
...1X3XX3
23222X5XX
XXX223X4X
24X21X331
122112X1.
1X1..111.
?[1;31m
Start test 38?[0m
How many mines do you want on the field?
> 19
....1X22X
11..23X21
X31.1X431
XX2134XX1
4X31XX431
2X3224X2.
12X225X3.
.112XXX2.
...12321.
?[1;31m
Start test 39?[0m
How many mines do you want on the field?
> 20
2X2222X1.
X23XX211.
234X31...
2XX32....
X65X1....
XXX31..11
X5X311.1X
2323X1122
X11X211X1
?[1;31m
Start test 40?[0m
How many mines do you want on the field?
> 20
...1X322X
.1233XX32
13XX334X1
X3X33X421
12224XX21
..1X3X32X
..2231233
112X211XX
1X22X1122
?[1;31m
Start test 41?[0m
How many mines do you want on the field?
> 21
X2X2123X2
1212X3XX2
11223X332
1X2X2112X
11211..3X
.1232113X
12XXX12X3
1X4X424X3
11212X3X2
?[1;31m
Start test 42?[0m
How many mines do you want on the field?
> 21
X1111....
111X1....
12321111.
1XX311X21
14XX224X3
.3XX32XXX
.2X32X45X
1222223X4
1X11X12XX
?[1;31m
Start test 43?[0m
How many mines do you want on the field?
> 22
..12X211.
113X43X32
1X4X4X3XX
24X5X224X
2XXX2224X
X44311XX2
23X212221
X212X211.
11.112X1.
?[1;31m
Start test 44?[0m
How many mines do you want on the field?
> 22
2X1..13X2
X42112XX2
X3X12X421
12112X432
111.13XXX
1X21.2X53
24X2.13X2
X5X3..2X3
X4X2..12X
?[1;31m
Start test 45?[0m
How many mines do you want on the field?
> 23
XX22X1.2X
233X3212X
.1X33X111
.13X31211
123X2.2X2
X3X3213X3
3X5X21X3X
X3XX32231
123X21X1.
?[1;31m
Start test 46?[0m
How many mines do you want on the field?
> 23
2XX1.111.
3X5324X31
2XX2XXX4X
23334X34X
1X23X324X
223XX21XX
1X2221233
2321..1X1
X2X1..111
?[1;31m
Start test 47?[0m
How many mines do you want on the field?
> 24
X33XX3221
2XX4X4XX2
12223X54X
111.3X4X2
2X213X311
X43X2221.
X5X211X21
XX33122X1
23X2X1111
?[1;31m
Start test 48?[0m
How many mines do you want on the field?
> 24
.1XX3212X
134XX3X32
X2X5X312X
122X22132
..1112X4X
.12212X5X
23XX323X2
XX5X5X211
223XX21..
?[1;31m
Start test 49?[0m
How many mines do you want on the field?
> 25
XX3222XX2
3X4XX335X
23X433X4X
2X23X32X2
X312X2111
X31122111
2X112X22X
1222X3X43
.1X2122XX
?[1;31m
Start test 50?[0m
How many mines do you want on the field?
> 25
X11X3X32X
11113X5X4
121123XXX
X4X33X543
X4XX5X4X1
233X4X311
X221322..
2X112X222
1111X22XX
?[1;31m
Start test 51?[0m
How many mines do you want on the field?
> 26
X1.1X1.1X
221233232
X22X3XX3X
23X34XX42
X33X2233X
12X3222X3
1333X4X4X
1XX44XX42
123XX33X1
?[1;31m
Start test 52?[0m
How many mines do you want on the field?
> 26
12X23X32X
2X4X4XX21
X24X5321.
344XX2211
XXX45X4X2
2433XX6X3
.2X433XX2
13XX12331
X22211X1.
?[1;31m
Start test 53?[0m
How many mines do you want on the field?
> 27
1X1..12XX
111.12X5X
12211X3X2
3XX222222
XX42X1.1X
5X5432122
XXXXX21X1
X655X3232
XX2X22X2X
?[1;31m
Start test 54?[0m
How many mines do you want on the field?
> 27
2321112XX
XXX21X23X
36X422233
2XX4X22XX
4XX43X233
XX7X3111X
XXXX2..11
X6X31....
X311.....
?[1;31m
Start test 55?[0m
How many mines do you want on the field?
> 28
XXX112321
45422XXX2
XX3X34X5X
23X4X33X3
1223X33X2
1X1112X32
332.123X2
XX423X33X
3XXX3X22X
?[1;31m
Start test 56?[0m
How many mines do you want on the field?
> 28
111.1222X
1X1.2XX32
23434X5X1
3XXXX4X32
XX54X313X
3X443214X
13XXX11XX
.3XX4224X
.2X4X11X2
?[1;31m
Start test 57?[0m
How many mines do you want on the field?
> 29
XX2124XXX
XX31XXX53
3X335X4X1
222XX4321
X223X3X21
2X22133X1
23X211X32
1X4X4433X
113XXXX21
?[1;31m
Start test 58?[0m
How many mines do you want on the field?
> 29
XX333X3XX
X5XXX23X3
X42443211
X3.2XX2..
X314XX311
24X5X42X2
1XX6X322X
13XX5X211
.123XX2..
?[1;31m
Start test 59?[0m
How many mines do you want on the field?
> 30
X312X2121
X4X324X4X
36X31XX4X
XXX212332
3X32122X1
2323X3X32
X5X5X424X
XXXX33X4X
3X43X213X
?[1;31m
Start test 60?[0m
How many mines do you want on the field?
> 30
X3X23X211
X54X5X31X
XX5X4X322
3XX2212X2
23321135X
X22X33XXX
3X43XX6X3
2X4X6XX21
113XX321.
?[1;31m
Start test 61?[0m
How many mines do you want on the field?
> 31
X22X2.2XX
X33X2.3XX
3X21224X4
X4311XX6X
3XX225XXX
X333X3XX4
112X4434X
112XX3X32
X1123X22X
?[1;31m
Start test 62?[0m
How many mines do you want on the field?
> 31
1XX2XX31.
34335XX21
XX23XX53X
35X4XX4X2
X5X546X31
3XX6XXX2.
2XXXX521.
2455X31..
1XX22X1..
?[1;31m
Start test 63?[0m
How many mines do you want on the field?
> 32
X12X32X1.
113X5X321
124X5X33X
1XX5X4X3X
13XX5X343
134XX33XX
X4X54X332
X6X4X4X31
XX3X23XX1
?[1;31m
Start test 64?[0m
How many mines do you want on the field?
> 32
X3XX222XX
X644X3X43
XXX43X3X1
4XXX32322
X4X43X23X
1213X44XX
..14XX6X4
..1XXXXX3
..12334X2
?[1;31m
Start test 65?[0m
How many mines do you want on the field?
> 33
1XX2XXX32
24333X5XX
X3X123X43
X5212X44X
XX213X4XX
3X33X5X43
234XXX3X1
2XX344543
2X311XXXX
?[1;31m
Start test 66?[0m
How many mines do you want on the field?
> 33
13XX31211
1XXX4X3X1
357X64X21
XXXXXX321
3X44432X2
1112X445X
.125XXXXX
23XXX6X64
XX34X32XX
?[1;31m
Start test 67?[0m
How many mines do you want on the field?
> 34
122XX212X
X2X445X31
1224XXX41
..1XX8X5X
1124XXXX3
1X34XXX6X
23XX44X6X
X45X224XX
2XX211XX3
?[1;31m
Start test 68?[0m
How many mines do you want on the field?
> 34
X2X33X21.
123XX4X31
125X54X3X
2XXXX3231
X57X43X42
4XXX43XXX
XX6XX34XX
3X555X23X
12XXX2111
?[1;31m
Start test 69?[0m
How many mines do you want on the field?
> 35
122X12X42
X2X323XXX
2424X55XX
X4X5XXX43
X5X5XX54X
3X4X45XX3
3X42X4X6X
4X312X4XX
XX2.113X3
?[1;31m
Start test 70?[0m
How many mines do you want on the field?
> 35
X12XXX211
224X8X54X
2X4XXXXXX
2X34XXX42
1235X631.
12XXXX332
X34454XXX
2X3X4X5X5
113XX23XX
?[1;31m
Start test 71?[0m
How many mines do you want on the field?
> 36
13XXX4XXX
2XXXXX442
3X44X4X21
X3322324X
3X2X11X5X
X322223XX
X312X35XX
12X45XXX5
.12XXX5XX
?[1;31m
Start test 72?[0m
How many mines do you want on the field?
> 36
XX212XX2.
223X45X52
.14XX4XXX
.1XXX43X4
245XX434X
XXX5X4XX2
XX5X45X41
445XX3X42
XX3X322XX
?[1;31m
Start test 73?[0m
How many mines do you want on the field?
> 37
XX32X1111
XX5X211X1
XXX322343
X522X3XXX
X3.114X74
X42225XXX
3XX4XXX74
X5XX57XXX
2X33XXX5X
?[1;31m
Start test 74?[0m
How many mines do you want on the field?
> 37
23XXX3X3X
XX5X5X3X3
35X4X443X
2XX53XX42
X5X4X4XX2
2X4X3335X
13X5X34XX
.3XX3XXXX
.2X3224X3
?[1;31m
Start test 75?[0m
How many mines do you want on the field?
> 38
2X211XXX2
X5X1246X2
XX423XX31
XX4X6XX31
X66XXX5X3
XXXX534XX
35655X433
1XXXXX5X3
124X5X4XX
?[1;31m
Start test 76?[0m
How many mines do you want on the field?
> 38
.1XXX3XXX
.125X547X
.114X4XXX
.1X5X536X
233XX4X3X
XX444X453
X5XX43XXX
2X6XX447X
12XXX3XXX
?[1;31m
Start test 77?[0m
How many mines do you want on the field?
> 39
.112X4X5X
24X33XXXX
XXX44X6X3
234XX5X53
..2XX5XXX
2346X547X
XXXXX4XXX
XX6544X5X
X4XX2X221
?[1;31m
Start test 78?[0m
How many mines do you want on the field?
> 39
123X4X2..
2XX4XX322
3X5X555XX
3X43XXXX3
X5X34X753
3XX43XXXX
3XX6X55XX
3XXXX5X4X
X34XXX221
?[1;31m
Start test 79?[0m
How many mines do you want on the field?
> 40
233X12XXX
XXX224X63
23211XX6X
123346XXX
2XXXXXXXX
X6X766XX5
2XXXXX5XX
2345X55X5
1X12X3XXX
?[1;31m
Start test 80?[0m
How many mines do you want on the field?
> 40
2X3X3X43X
X3X45XXX3
232XX6X6X
X3233XX5X
X5X3333X3
XX6XX433X
3XXXXXX31
3456X7X42
XX2XXX3XX
?[1;31m
Start test 81?[0m
How many mines do you want on the field?
> 41
234X5X321
XXXXXXX4X
X7X535XX3
3XX3.3X7X
4XX313XXX
XX53X4442
XX5X5XX2.
XXX6XXX3.
24XXX5X2.
?[1;31m
Start test 82?[0m
How many mines do you want on the field?
> 41
XX34X3X21
X5XXX544X
36X64XXX3
XXX5X7X5X
3X6XXXX52
24XXX6X5X
1XX656X6X
244XXXX5X
X2X334X31
?[1;31m
Start test 83?[0m
How many mines do you want on the field?
> 42
X4XX44XX3
XX7XXXXXX
5XXX6546X
XX6XX2X5X
346X423XX
2XXX435X5
3X53XXXXX
3X423X554
2XX1112XX
?[1;31m
Start test 84?[0m
How many mines do you want on the field?
> 42
XX3XX113X
XX64312XX
5XXX312X3
XX8XX4443
XXXXXXXXX
3X545X7XX
113X33XXX
112X44XX5
X112XX4XX
?[1;31m
Start test 85?[0m
How many mines do you want on the field?
> 43
XXXX3XXX2
X6423XXX3
XX113454X
X421XX4X3
3X4344XX3
4XXX5X6X3
XXXXXXX4X
XX6666X53
23XXXX3XX
?[1;31m
Start test 86?[0m
How many mines do you want on the field?
> 43
1XX3XX4XX
2456XX5XX
3XXXX6X42
XXXXX4X42
X7XX444XX
3XX6X3XX4
2X5XX55X2
345X5XX31
XXX23XX2.
?[1;31m
Start test 87?[0m
How many mines do you want on the field?
> 44
.2XXXXX42
13XXX6XXX
2X5XX657X
3X55XXXXX
3XX4XXXXX
X544XXXXX
3XX334432
X5X32X332
X32X22XXX
?[1;31m
Start test 88?[0m
How many mines do you want on the field?
> 44
X5X312X1.
XXX3X3221
4X333X11X
X533X4333
XXX6XX3XX
35XXX66XX
X35XXXXXX
35XXXX764
XXXXXXXXX
?[1;31m
Start test 89?[0m
How many mines do you want on the field?
> 45
3XXX5X5XX
XX6XXXXX4
45X5544X3
XX3XX345X
45555XXXX
XXXXX5XXX
XXX7X434X
XXXX4X111
3XX4X21..
?[1;31m
Start test 90?[0m
How many mines do you want on the field?
> 45
XXXXX1111
X6XX534X2
14XX4XXX2
25X6X6531
XXX6XXX32
35XX666XX
3X7XXXXXX
XXXX8X6XX
24XXXX33X
?[1;31m
Start test 91?[0m
How many mines do you want on the field?
> 46
2X2XXXXXX
X345X5543
12XX6X4X2
.25XXXX5X
13XXXXXX2
X4X8XXX53
24XXXX5XX
X55XX65X4
XXX4XXX3X
?[1;31m
Start test 92?[0m
How many mines do you want on the field?
> 46
2X3XXX23X
3X55X6X3X
4X4XXX332
XX44XX54X
X65X5XXXX
XXXX54XX4
XXXXX55X2
5X7XXXX42
XXX334XX1
?[1;31m
Start test 93?[0m
How many mines do you want on the field?
> 47
2X33XXXX3
2XX3X56XX
34445X5XX
XX3XXXX5X
4X56X644X
X5XXXX3X2
X6X8X7X53
X7XXXXXXX
XXX44XXX3
?[1;31m
Start test 94?[0m
How many mines do you want on the field?
> 47
2X4XXXXX2
4XX67X6X3
XXXXXX53X
XXX7XX4X3
4XX6X45X3
X7XX32XX2
XXXX31343
X77X423XX
XXXX3XX4X
?[1;31m
Start test 95?[0m
How many mines do you want on the field?
> 48
X5XXX3X5X
XXXX55XXX
XXX6XX4XX
4X4XX434X
X34454X43
3X3XXX6XX
3X56XXXXX
X4XXX65X4
2X4XX3X3X
?[1;31m
Start test 96?[0m
How many mines do you want on the field?
> 48
233X4XXXX
XXX3XXXXX
XX54455X4
XX6XX3X5X
4XXX55XX3
X46X4XX5X
3X6X54X31
4XXXX5442
XXXXXXXXX
?[1;31m
Start test 97?[0m
How many mines do you want on the field?
> 49
XX4XX3XXX
3X4XX65XX
2356XXX43
2XXXXX6X3
3X7XXX6XX
X5XXX7XXX
XX5XXXX53
34X6X76X2
1X3XXXXX2
?[1;31m
Start test 98?[0m
How many mines do you want on the field?
> 49
X33XXX4X2
XX6XXX5X3
XXXXX54X3
XXX7XX23X
4XX5X544X
3X5X3XXX3
4X63447X4
XXXX4XXXX
XXXXX4X5X
?[1;31m
Start test 99?[0m
How many mines do you want on the field?
> 50
3XX22XX4X
XXX44XX7X
XXX4XXXXX
3XX436X7X
2455X5X5X
3XXXX5X63
XXXX56XXX
X7X6XXX74
2XXX4XXXX
?[1;31m
Start test 100?[0m
How many mines do you want on the field?
> 50
XX422X2X1
5XXX33543
XX755XXXX
XXXXXXX6X
XXXXX55X3
4XX755XX3
X6XXXXXX3
4XX667X7X
XX4XXXXXX
]]></system-out>
  <system-err><![CDATA[]]></system-err>
</testsuite>
