<?xml version="1.0" encoding="UTF-8"?>
<testsuite name="MinesweeperTest" tests="1" skipped="0" failures="0" errors="0" timestamp="2020-06-17T02:37:33" hostname="LAPTOP-016GJG3B" time="0.318">
  <properties/>
  <testcase name="start" classname="MinesweeperTest" time="0.318"/>
  <system-out><![CDATA[?[1;31m
Start test 1?[0m
How many mines do you want on the field?
> 1
 |123456789|
-|---------|
1|.........|
2|11.......|
3|.1.......|
4|11.......|
5|.........|
6|.........|
7|.........|
8|.........|
9|.........|
-|---------|
Set/delete mines marks (x and y coordinates):
> 1 3
There is a number here!
 |123456789|
-|---------|
1|.........|
2|11.......|
3|.1.......|
4|11.......|
5|.........|
6|.........|
7|.........|
8|.........|
9|.........|
-|---------|
Congratulations! You found all mines!
?[1;31m
Start test 2?[0m
How many mines do you want on the field?
> 1
 |123456789|
-|---------|
1|.........|
2|.........|
3|....111..|
4|....1.1..|
5|....111..|
6|.........|
7|.........|
8|.........|
9|.........|
-|---------|
Set/delete mines marks (x and y coordinates):
> 1 2
 |123456789|
-|---------|
1|.........|
2|*........|
3|....111..|
4|....1.1..|
5|....111..|
6|.........|
7|.........|
8|.........|
9|.........|
-|---------|
Set/delete mines marks (x and y coordinates):
> 1 2
 |123456789|
-|---------|
1|.........|
2|.........|
3|....111..|
4|....1.1..|
5|....111..|
6|.........|
7|.........|
8|.........|
9|.........|
-|---------|
Congratulations! You found all mines!
?[1;31m
Start test 3?[0m
How many mines do you want on the field?
> 1
 |123456789|
-|---------|
1|.........|
2|.........|
3|..111....|
4|..1.1....|
5|..111....|
6|.........|
7|.........|
8|.........|
9|.........|
-|---------|
Set/delete mines marks (x and y coordinates):
> 1 2
 |123456789|
-|---------|
1|.........|
2|*........|
3|..111....|
4|..1.1....|
5|..111....|
6|.........|
7|.........|
8|.........|
9|.........|
-|---------|
Set/delete mines marks (x and y coordinates):
> 1 2
 |123456789|
-|---------|
1|.........|
2|.........|
3|..111....|
4|..1.1....|
5|..111....|
6|.........|
7|.........|
8|.........|
9|.........|
-|---------|
Congratulations! You found all mines!
?[1;31m
Start test 4?[0m
How many mines do you want on the field?
> 1
 |123456789|
-|---------|
1|.....111.|
2|.....1.1.|
3|.....111.|
4|.........|
5|.........|
6|.........|
7|.........|
8|.........|
9|.........|
-|---------|
Set/delete mines marks (x and y coordinates):
> 1 2
 |123456789|
-|---------|
1|.....111.|
2|*....1.1.|
3|.....111.|
4|.........|
5|.........|
6|.........|
7|.........|
8|.........|
9|.........|
-|---------|
Set/delete mines marks (x and y coordinates):
> 1 2
 |123456789|
-|---------|
1|.....111.|
2|.....1.1.|
3|.....111.|
4|.........|
5|.........|
6|.........|
7|.........|
8|.........|
9|.........|
-|---------|
Congratulations! You found all mines!
?[1;31m
Start test 5?[0m
How many mines do you want on the field?
> 1
 |123456789|
-|---------|
1|.........|
2|.........|
3|.........|
4|.........|
5|.........|
6|....111..|
7|....1.1..|
8|....111..|
9|.........|
-|---------|
Set/delete mines marks (x and y coordinates):
> 1 2
 |123456789|
-|---------|
1|.........|
2|*........|
3|.........|
4|.........|
5|.........|
6|....111..|
7|....1.1..|
8|....111..|
9|.........|
-|---------|
Set/delete mines marks (x and y coordinates):
> 1 2
 |123456789|
-|---------|
1|.........|
2|.........|
3|.........|
4|.........|
5|.........|
6|....111..|
7|....1.1..|
8|....111..|
9|.........|
-|---------|
Congratulations! You found all mines!
?[1;31m
Start test 6?[0m
How many mines do you want on the field?
> 1
 |123456789|
-|---------|
1|.........|
2|.........|
3|.........|
4|.........|
5|.........|
6|.........|
7|....111..|
8|....1.1..|
9|....111..|
-|---------|
Set/delete mines marks (x and y coordinates):
> 1 2
 |123456789|
-|---------|
1|.........|
2|*........|
3|.........|
4|.........|
5|.........|
6|.........|
7|....111..|
8|....1.1..|
9|....111..|
-|---------|
Set/delete mines marks (x and y coordinates):
> 1 2
 |123456789|
-|---------|
1|.........|
2|.........|
3|.........|
4|.........|
5|.........|
6|.........|
7|....111..|
8|....1.1..|
9|....111..|
-|---------|
Congratulations! You found all mines!
?[1;31m
Start test 7?[0m
How many mines do you want on the field?
> 1
 |123456789|
-|---------|
1|.........|
2|.........|
3|.........|
4|.........|
5|.........|
6|.........|
7|.111.....|
8|.1.1.....|
9|.111.....|
-|---------|
Set/delete mines marks (x and y coordinates):
> 1 2
 |123456789|
-|---------|
1|.........|
2|*........|
3|.........|
4|.........|
5|.........|
6|.........|
7|.111.....|
8|.1.1.....|
9|.111.....|
-|---------|
Set/delete mines marks (x and y coordinates):
> 1 2
 |123456789|
-|---------|
1|.........|
2|.........|
3|.........|
4|.........|
5|.........|
6|.........|
7|.111.....|
8|.1.1.....|
9|.111.....|
-|---------|
Congratulations! You found all mines!
?[1;31m
Start test 8?[0m
How many mines do you want on the field?
> 1
 |123456789|
-|---------|
1|.........|
2|.........|
3|.........|
4|.........|
5|.........|
6|..111....|
7|..1.1....|
8|..111....|
9|.........|
-|---------|
Set/delete mines marks (x and y coordinates):
> 1 2
 |123456789|
-|---------|
1|.........|
2|*........|
3|.........|
4|.........|
5|.........|
6|..111....|
7|..1.1....|
8|..111....|
9|.........|
-|---------|
Set/delete mines marks (x and y coordinates):
> 1 2
 |123456789|
-|---------|
1|.........|
2|.........|
3|.........|
4|.........|
5|.........|
6|..111....|
7|..1.1....|
8|..111....|
9|.........|
-|---------|
Congratulations! You found all mines!
?[1;31m
Start test 9?[0m
How many mines do you want on the field?
> 1
 |123456789|
-|---------|
1|.........|
2|.........|
3|.........|
4|.........|
5|.........|
6|.........|
7|.......11|
8|.......1.|
9|.......11|
-|---------|
Set/delete mines marks (x and y coordinates):
> 1 2
 |123456789|
-|---------|
1|.........|
2|*........|
3|.........|
4|.........|
5|.........|
6|.........|
7|.......11|
8|.......1.|
9|.......11|
-|---------|
Set/delete mines marks (x and y coordinates):
> 1 2
 |123456789|
-|---------|
1|.........|
2|.........|
3|.........|
4|.........|
5|.........|
6|.........|
7|.......11|
8|.......1.|
9|.......11|
-|---------|
Congratulations! You found all mines!
?[1;31m
Start test 10?[0m
How many mines do you want on the field?
> 1
 |123456789|
-|---------|
1|.........|
2|.........|
3|.........|
4|.........|
5|.....111.|
6|.....1.1.|
7|.....111.|
8|.........|
9|.........|
-|---------|
Set/delete mines marks (x and y coordinates):
> 1 2
 |123456789|
-|---------|
1|.........|
2|*........|
3|.........|
4|.........|
5|.....111.|
6|.....1.1.|
7|.....111.|
8|.........|
9|.........|
-|---------|
Set/delete mines marks (x and y coordinates):
> 1 2
 |123456789|
-|---------|
1|.........|
2|.........|
3|.........|
4|.........|
5|.....111.|
6|.....1.1.|
7|.....111.|
8|.........|
9|.........|
-|---------|
Congratulations! You found all mines!
?[1;31m
Start test 11?[0m
How many mines do you want on the field?
> 5
 |123456789|
-|---------|
1|......1.1|
2|......111|
3|.....1221|
4|.....1..1|
5|.....1232|
6|.......1.|
7|.......11|
8|.111.....|
9|.1.1.....|
-|---------|
Set/delete mines marks (x and y coordinates):
> 8 4
There is a number here!
 |123456789|
-|---------|
1|......1.1|
2|......111|
3|.....1221|
4|.....1..1|
5|.....1232|
6|.......1.|
7|.......11|
8|.111.....|
9|.1.1.....|
-|---------|
Congratulations! You found all mines!
?[1;31m
Start test 12?[0m
How many mines do you want on the field?
> 5
 |123456789|
-|---------|
1|..1.11121|
2|..1111.2.|
3|.....1121|
4|.......11|
5|.......1.|
6|.......11|
7|.111.....|
8|.1.1.....|
9|.111.....|
-|---------|
Set/delete mines marks (x and y coordinates):
> 3 8
There is a number here!
 |123456789|
-|---------|
1|..1.11121|
2|..1111.2.|
3|.....1121|
4|.......11|
5|.......1.|
6|.......11|
7|.111.....|
8|.1.1.....|
9|.111.....|
-|---------|
Congratulations! You found all mines!
?[1;31m
Start test 13?[0m
How many mines do you want on the field?
> 5
 |123456789|
-|---------|
1|.....111.|
2|111..1.1.|
3|1.1.1221.|
4|111.1.1..|
5|....111..|
6|.........|
7|......111|
8|...1111.1|
9|...1.1111|
-|---------|
Set/delete mines marks (x and y coordinates):
> 8 8
There is a number here!
 |123456789|
-|---------|
1|.....111.|
2|111..1.1.|
3|1.1.1221.|
4|111.1.1..|
5|....111..|
6|.........|
7|......111|
8|...1111.1|
9|...1.1111|
-|---------|
Congratulations! You found all mines!
]]></system-out>
  <system-err><![CDATA[]]></system-err>
</testsuite>
