<?xml version="1.0" encoding="UTF-8"?>
<testsuite name="MinesweeperTest" tests="1" skipped="0" failures="0" errors="0" timestamp="2020-06-15T17:18:51" hostname="LAPTOP-016GJG3B" time="0.056">
  <properties/>
  <testcase name="start" classname="MinesweeperTest" time="0.056"/>
  <system-out><![CDATA[?[1;31m
Start test 1?[0m
X..X.X..X
..XX..X.X
....X..X.
.XXX..X..
.X..X.XX.
X....XX.X
.X..XXX..
XX..XXXXX
..X....XX
]]></system-out>
  <system-err><![CDATA[]]></system-err>
</testsuite>
