<?xml version="1.0" encoding="UTF-8"?>
<testsuite name="MinesweeperTest" tests="1" skipped="0" failures="1" errors="0" timestamp="2020-06-18T19:56:57" hostname="LAPTOP-016GJG3B" time="1.377">
  <properties/>
  <testcase name="start" classname="MinesweeperTest" time="1.377">
    <failure message="java.lang.AssertionError: Exception in test #24&#10;&#10;java.util.ConcurrentModificationException&#13;&#10;&#9;at java.base/java.util.ArrayList$Itr.checkForComodification(ArrayList.java:1042)&#13;&#10;&#9;at java.base/java.util.ArrayList$Itr.next(ArrayList.java:996)&#13;&#10;&#9;at minesweeper.MineCountField.mark(MineCountField.java:113)&#13;&#10;&#9;at minesweeper.MineCountField.mark(MineCountField.java:128)&#13;&#10;&#9;at minesweeper.MineCountField.mark(MineCountField.java:128)&#13;&#10;&#9;at minesweeper.MineCountField.mark(MineCountField.java:128)&#13;&#10;&#9;at minesweeper.MineCountField.mark(MineCountField.java:128)&#13;&#10;&#9;at minesweeper.MineCountField.mark(MineCountField.java:128)&#13;&#10;&#9;at minesweeper.MineCountField.mark(MineCountField.java:128)&#13;&#10;&#9;at minesweeper.MineCountField.mark(MineCountField.java:128)&#13;&#10;&#9;at minesweeper.MineCountField.mark(MineCountField.java:128)&#13;&#10;&#9;at minesweeper.MineCountField.mark(MineCountField.java:128)&#13;&#10;&#9;at minesweeper.MineCountField.mark(MineCountField.java:128)&#13;&#10;&#9;at minesweeper.MineCountField.mark(MineCountField.java:128)&#13;&#10;&#9;at minesweeper.MineCountField.mark(MineCountField.java:128)&#13;&#10;&#9;at minesweeper.MineCountField.mark(MineCountField.java:128)&#13;&#10;&#9;at minesweeper.MineCountField.mark(MineCountField.java:128)&#13;&#10;&#9;at minesweeper.MineCountField.mark(MineCountField.java:128)&#13;&#10;&#9;at minesweeper.MineCountField.mark(MineCountField.java:128)&#13;&#10;&#9;at minesweeper.MineCountField.mark(MineCountField.java:128)&#13;&#10;&#9;at minesweeper.MineCountField.mark(MineCountField.java:128)&#13;&#10;&#9;at minesweeper.MineCountField.mark(MineCountField.java:128)&#13;&#10;&#9;at minesweeper.MineCountField.mark(MineCountField.java:128)&#13;&#10;&#9;at minesweeper.MineCountField.mark(MineCountField.java:128)&#13;&#10;&#9;at minesweeper.MineCountField.mark(MineCountField.java:128)&#13;&#10;&#9;at minesweeper.MineCountField.mark(MineCountField.java:128)&#13;&#10;&#9;at minesweeper.MineCountField.mark(MineCountField.java:128)&#13;&#10;&#9;at minesweeper.MineCountField.mark(MineCountField.java:128)&#13;&#10;&#9;at minesweeper.MineCountField.mark(MineCountField.java:128)&#13;&#10;&#9;at minesweeper.MineCountField.mark(MineCountField.java:128)&#13;&#10;&#9;at minesweeper.MineCountField.mark(MineCountField.java:128)&#13;&#10;&#9;at minesweeper.MineCountField.mark(MineCountField.java:128)&#13;&#10;&#9;at minesweeper.MineCountField.mark(MineCountField.java:128)&#13;&#10;&#9;at minesweeper.MineCountField.mark(MineCountField.java:128)&#13;&#10;&#9;at minesweeper.MineCountField.mark(MineCountField.java:128)&#13;&#10;&#9;at minesweeper.MineCountField.mark(MineCountField.java:128)&#13;&#10;&#9;at minesweeper.MineCountField.mark(MineCountField.java:128)&#13;&#10;&#9;at minesweeper.Game.run(Game.java:30)&#13;&#10;&#9;at minesweeper.Main.main(Main.java:15)&#10;&#10;Please find below the output of your program during this failed test.&#10;Note that the '&gt;' character indicates the beginning of the input line.&#10;&#10;---&#10;&#10;How many mines do you want on the field?&#10;&gt; 2&#10; |123456789|&#10;-|---------|&#10;1|.........|&#10;2|.........|&#10;3|.........|&#10;4|.........|&#10;5|.........|&#10;6|.........|&#10;7|.........|&#10;8|.........|&#10;9|.........|&#10;-|---------|&#10;Set/delete mines marks (x and y coordinates):&#10;&gt; 7 5 mine&#10; |123456789|&#10;-|---------|&#10;1|.........|&#10;2|.........|&#10;3|.........|&#10;4|.........|&#10;5|......*..|&#10;6|.........|&#10;7|.........|&#10;8|.........|&#10;9|.........|&#10;-|---------|&#10;Set/delete mines marks (x and y coordinates):&#10;&gt; 7 3 free" type="java.lang.AssertionError">java.lang.AssertionError: Exception in test #24

java.util.ConcurrentModificationException
	at java.base/java.util.ArrayList$Itr.checkForComodification(ArrayList.java:1042)
	at java.base/java.util.ArrayList$Itr.next(ArrayList.java:996)
	at minesweeper.MineCountField.mark(MineCountField.java:113)
	at minesweeper.MineCountField.mark(MineCountField.java:128)
	at minesweeper.MineCountField.mark(MineCountField.java:128)
	at minesweeper.MineCountField.mark(MineCountField.java:128)
	at minesweeper.MineCountField.mark(MineCountField.java:128)
	at minesweeper.MineCountField.mark(MineCountField.java:128)
	at minesweeper.MineCountField.mark(MineCountField.java:128)
	at minesweeper.MineCountField.mark(MineCountField.java:128)
	at minesweeper.MineCountField.mark(MineCountField.java:128)
	at minesweeper.MineCountField.mark(MineCountField.java:128)
	at minesweeper.MineCountField.mark(MineCountField.java:128)
	at minesweeper.MineCountField.mark(MineCountField.java:128)
	at minesweeper.MineCountField.mark(MineCountField.java:128)
	at minesweeper.MineCountField.mark(MineCountField.java:128)
	at minesweeper.MineCountField.mark(MineCountField.java:128)
	at minesweeper.MineCountField.mark(MineCountField.java:128)
	at minesweeper.MineCountField.mark(MineCountField.java:128)
	at minesweeper.MineCountField.mark(MineCountField.java:128)
	at minesweeper.MineCountField.mark(MineCountField.java:128)
	at minesweeper.MineCountField.mark(MineCountField.java:128)
	at minesweeper.MineCountField.mark(MineCountField.java:128)
	at minesweeper.MineCountField.mark(MineCountField.java:128)
	at minesweeper.MineCountField.mark(MineCountField.java:128)
	at minesweeper.MineCountField.mark(MineCountField.java:128)
	at minesweeper.MineCountField.mark(MineCountField.java:128)
	at minesweeper.MineCountField.mark(MineCountField.java:128)
	at minesweeper.MineCountField.mark(MineCountField.java:128)
	at minesweeper.MineCountField.mark(MineCountField.java:128)
	at minesweeper.MineCountField.mark(MineCountField.java:128)
	at minesweeper.MineCountField.mark(MineCountField.java:128)
	at minesweeper.MineCountField.mark(MineCountField.java:128)
	at minesweeper.MineCountField.mark(MineCountField.java:128)
	at minesweeper.MineCountField.mark(MineCountField.java:128)
	at minesweeper.MineCountField.mark(MineCountField.java:128)
	at minesweeper.MineCountField.mark(MineCountField.java:128)
	at minesweeper.Game.run(Game.java:30)
	at minesweeper.Main.main(Main.java:15)

Please find below the output of your program during this failed test.
Note that the '&gt;' character indicates the beginning of the input line.

---

How many mines do you want on the field?
&gt; 2
 |123456789|
-|---------|
1|.........|
2|.........|
3|.........|
4|.........|
5|.........|
6|.........|
7|.........|
8|.........|
9|.........|
-|---------|
Set/delete mines marks (x and y coordinates):
&gt; 7 5 mine
 |123456789|
-|---------|
1|.........|
2|.........|
3|.........|
4|.........|
5|......*..|
6|.........|
7|.........|
8|.........|
9|.........|
-|---------|
Set/delete mines marks (x and y coordinates):
&gt; 7 3 free
	at org.junit.Assert.fail(Assert.java:88)
	at org.hyperskill.hstest.stage.StageTest.start(StageTest.java:97)
	at java.base/jdk.internal.reflect.NativeMethodAccessorImpl.invoke0(Native Method)
	at java.base/jdk.internal.reflect.NativeMethodAccessorImpl.invoke(NativeMethodAccessorImpl.java:62)
	at java.base/jdk.internal.reflect.DelegatingMethodAccessorImpl.invoke(DelegatingMethodAccessorImpl.java:43)
	at java.base/java.lang.reflect.Method.invoke(Method.java:566)
	at org.junit.runners.model.FrameworkMethod$1.runReflectiveCall(FrameworkMethod.java:50)
	at org.junit.internal.runners.model.ReflectiveCallable.run(ReflectiveCallable.java:12)
	at org.junit.runners.model.FrameworkMethod.invokeExplosively(FrameworkMethod.java:47)
	at org.junit.internal.runners.statements.InvokeMethod.evaluate(InvokeMethod.java:17)
	at org.junit.runners.ParentRunner.runLeaf(ParentRunner.java:325)
	at org.junit.runners.BlockJUnit4ClassRunner.runChild(BlockJUnit4ClassRunner.java:78)
	at org.junit.runners.BlockJUnit4ClassRunner.runChild(BlockJUnit4ClassRunner.java:57)
	at org.junit.runners.ParentRunner$3.run(ParentRunner.java:290)
	at org.junit.runners.ParentRunner$1.schedule(ParentRunner.java:71)
	at org.junit.runners.ParentRunner.runChildren(ParentRunner.java:288)
	at org.junit.runners.ParentRunner.access$000(ParentRunner.java:58)
	at org.junit.runners.ParentRunner$2.evaluate(ParentRunner.java:268)
	at org.junit.runners.ParentRunner.run(ParentRunner.java:363)
	at org.gradle.api.internal.tasks.testing.junit.JUnitTestClassExecutor.runTestClass(JUnitTestClassExecutor.java:110)
	at org.gradle.api.internal.tasks.testing.junit.JUnitTestClassExecutor.execute(JUnitTestClassExecutor.java:58)
	at org.gradle.api.internal.tasks.testing.junit.JUnitTestClassExecutor.execute(JUnitTestClassExecutor.java:38)
	at org.gradle.api.internal.tasks.testing.junit.AbstractJUnitTestClassProcessor.processTestClass(AbstractJUnitTestClassProcessor.java:62)
	at org.gradle.api.internal.tasks.testing.SuiteTestClassProcessor.processTestClass(SuiteTestClassProcessor.java:51)
	at java.base/jdk.internal.reflect.NativeMethodAccessorImpl.invoke0(Native Method)
	at java.base/jdk.internal.reflect.NativeMethodAccessorImpl.invoke(NativeMethodAccessorImpl.java:62)
	at java.base/jdk.internal.reflect.DelegatingMethodAccessorImpl.invoke(DelegatingMethodAccessorImpl.java:43)
	at java.base/java.lang.reflect.Method.invoke(Method.java:566)
	at org.gradle.internal.dispatch.ReflectionDispatch.dispatch(ReflectionDispatch.java:35)
	at org.gradle.internal.dispatch.ReflectionDispatch.dispatch(ReflectionDispatch.java:24)
	at org.gradle.internal.dispatch.ContextClassLoaderDispatch.dispatch(ContextClassLoaderDispatch.java:32)
	at org.gradle.internal.dispatch.ProxyDispatchAdapter$DispatchingInvocationHandler.invoke(ProxyDispatchAdapter.java:93)
	at com.sun.proxy.$Proxy2.processTestClass(Unknown Source)
	at org.gradle.api.internal.tasks.testing.worker.TestWorker.processTestClass(TestWorker.java:118)
	at java.base/jdk.internal.reflect.NativeMethodAccessorImpl.invoke0(Native Method)
	at java.base/jdk.internal.reflect.NativeMethodAccessorImpl.invoke(NativeMethodAccessorImpl.java:62)
	at java.base/jdk.internal.reflect.DelegatingMethodAccessorImpl.invoke(DelegatingMethodAccessorImpl.java:43)
	at java.base/java.lang.reflect.Method.invoke(Method.java:566)
	at org.gradle.internal.dispatch.ReflectionDispatch.dispatch(ReflectionDispatch.java:35)
	at org.gradle.internal.dispatch.ReflectionDispatch.dispatch(ReflectionDispatch.java:24)
	at org.gradle.internal.remote.internal.hub.MessageHubBackedObjectConnection$DispatchWrapper.dispatch(MessageHubBackedObjectConnection.java:175)
	at org.gradle.internal.remote.internal.hub.MessageHubBackedObjectConnection$DispatchWrapper.dispatch(MessageHubBackedObjectConnection.java:157)
	at org.gradle.internal.remote.internal.hub.MessageHub$Handler.run(MessageHub.java:404)
	at org.gradle.internal.concurrent.ExecutorPolicy$CatchAndRecordFailures.onExecute(ExecutorPolicy.java:63)
	at org.gradle.internal.concurrent.ManagedExecutorImpl$1.run(ManagedExecutorImpl.java:46)
	at java.base/java.util.concurrent.ThreadPoolExecutor.runWorker(ThreadPoolExecutor.java:1128)
	at java.base/java.util.concurrent.ThreadPoolExecutor$Worker.run(ThreadPoolExecutor.java:628)
	at org.gradle.internal.concurrent.ThreadFactoryImpl$ManagedThreadRunnable.run(ThreadFactoryImpl.java:55)
	at java.base/java.lang.Thread.run(Thread.java:834)
</failure>
  </testcase>
  <system-out><![CDATA[?[1;31m
Start test 1?[0m
How many mines do you want on the field?
> 1
 |123456789|
-|---------|
1|.........|
2|.........|
3|.........|
4|.........|
5|.........|
6|.........|
7|.........|
8|.........|
9|.........|
-|---------|
Set/delete mines marks (x and y coordinates):
> 2 7 free
 |123456789|
-|---------|
1|/////////|
2|/////////|
3|/////////|
4|/////////|
5|/////////|
6|////111//|
7|////1.1//|
8|////111//|
9|/////////|
-|---------|
Congratulations! You found all mines!
?[1;31m
Start test 2?[0m
How many mines do you want on the field?
> 1
 |123456789|
-|---------|
1|.........|
2|.........|
3|.........|
4|.........|
5|.........|
6|.........|
7|.........|
8|.........|
9|.........|
-|---------|
Set/delete mines marks (x and y coordinates):
> 8 3 free
 |123456789|
-|---------|
1|/////////|
2|/////////|
3|/////////|
4|/////////|
5|/////////|
6|//111////|
7|//1.1////|
8|//111////|
9|/////////|
-|---------|
Congratulations! You found all mines!
?[1;31m
Start test 3?[0m
How many mines do you want on the field?
> 1
 |123456789|
-|---------|
1|.........|
2|.........|
3|.........|
4|.........|
5|.........|
6|.........|
7|.........|
8|.........|
9|.........|
-|---------|
Set/delete mines marks (x and y coordinates):
> 5 8 mine
 |123456789|
-|---------|
1|.........|
2|.........|
3|.........|
4|.........|
5|.........|
6|.........|
7|.........|
8|....*....|
9|.........|
-|---------|
Congratulations! You found all mines!
?[1;31m
Start test 4?[0m
How many mines do you want on the field?
> 1
 |123456789|
-|---------|
1|.........|
2|.........|
3|.........|
4|.........|
5|.........|
6|.........|
7|.........|
8|.........|
9|.........|
-|---------|
Set/delete mines marks (x and y coordinates):
> 9 2 mine
 |123456789|
-|---------|
1|.........|
2|........*|
3|.........|
4|.........|
5|.........|
6|.........|
7|.........|
8|.........|
9|.........|
-|---------|
Congratulations! You found all mines!
?[1;31m
Start test 5?[0m
How many mines do you want on the field?
> 1
 |123456789|
-|---------|
1|.........|
2|.........|
3|.........|
4|.........|
5|.........|
6|.........|
7|.........|
8|.........|
9|.........|
-|---------|
Set/delete mines marks (x and y coordinates):
> 6 6 mine
 |123456789|
-|---------|
1|.........|
2|.........|
3|.........|
4|.........|
5|.........|
6|.....*...|
7|.........|
8|.........|
9|.........|
-|---------|
Congratulations! You found all mines!
?[1;31m
Start test 6?[0m
How many mines do you want on the field?
> 1
 |123456789|
-|---------|
1|.........|
2|.........|
3|.........|
4|.........|
5|.........|
6|.........|
7|.........|
8|.........|
9|.........|
-|---------|
Set/delete mines marks (x and y coordinates):
> 8 5 mine
 |123456789|
-|---------|
1|.........|
2|.........|
3|.........|
4|.........|
5|.......*.|
6|.........|
7|.........|
8|.........|
9|.........|
-|---------|
Congratulations! You found all mines!
?[1;31m
Start test 7?[0m
How many mines do you want on the field?
> 1
 |123456789|
-|---------|
1|.........|
2|.........|
3|.........|
4|.........|
5|.........|
6|.........|
7|.........|
8|.........|
9|.........|
-|---------|
Set/delete mines marks (x and y coordinates):
> 6 5 free
 |123456789|
-|---------|
1|.........|
2|.........|
3|.........|
4|.........|
5|.....1...|
6|.........|
7|.........|
8|.........|
9|.........|
-|---------|
Set/delete mines marks (x and y coordinates):
> 4 6 free
 |123456789|
-|---------|
1|/////////|
2|/////////|
3|////111//|
4|////1.1//|
5|////111//|
6|/////////|
7|/////////|
8|/////////|
9|/////////|
-|---------|
Congratulations! You found all mines!
?[1;31m
Start test 8?[0m
How many mines do you want on the field?
> 1
 |123456789|
-|---------|
1|.........|
2|.........|
3|.........|
4|.........|
5|.........|
6|.........|
7|.........|
8|.........|
9|.........|
-|---------|
Set/delete mines marks (x and y coordinates):
> 3 7 free
 |123456789|
-|---------|
1|/////////|
2|////111//|
3|////1.1//|
4|////111//|
5|/////////|
6|/////////|
7|/////////|
8|/////////|
9|/////////|
-|---------|
Congratulations! You found all mines!
?[1;31m
Start test 9?[0m
How many mines do you want on the field?
> 1
 |123456789|
-|---------|
1|.........|
2|.........|
3|.........|
4|.........|
5|.........|
6|.........|
7|.........|
8|.........|
9|.........|
-|---------|
Set/delete mines marks (x and y coordinates):
> 8 4 mine
 |123456789|
-|---------|
1|.........|
2|.........|
3|.........|
4|.......*.|
5|.........|
6|.........|
7|.........|
8|.........|
9|.........|
-|---------|
Congratulations! You found all mines!
?[1;31m
Start test 10?[0m
How many mines do you want on the field?
> 1
 |123456789|
-|---------|
1|.........|
2|.........|
3|.........|
4|.........|
5|.........|
6|.........|
7|.........|
8|.........|
9|.........|
-|---------|
Set/delete mines marks (x and y coordinates):
> 6 5 free
 |123456789|
-|---------|
1|.........|
2|.........|
3|.........|
4|.........|
5|.....1...|
6|.........|
7|.........|
8|.........|
9|.........|
-|---------|
Set/delete mines marks (x and y coordinates):
> 1 3 mine
 |123456789|
-|---------|
1|.........|
2|.........|
3|*........|
4|.........|
5|.....1...|
6|.........|
7|.........|
8|.........|
9|.........|
-|---------|
Congratulations! You found all mines!
?[1;31m
Start test 11?[0m
How many mines do you want on the field?
> 1
 |123456789|
-|---------|
1|.........|
2|.........|
3|.........|
4|.........|
5|.........|
6|.........|
7|.........|
8|.........|
9|.........|
-|---------|
Set/delete mines marks (x and y coordinates):
> 5 4 free
 |123456789|
-|---------|
1|..1//////|
2|..1//////|
3|111//////|
4|/////////|
5|/////////|
6|/////////|
7|/////////|
8|/////////|
9|/////////|
-|---------|
Set/delete mines marks (x and y coordinates):
> 2 2 free
 |123456789|
-|---------|
1|..1//////|
2|.X1//////|
3|111//////|
4|/////////|
5|/////////|
6|/////////|
7|/////////|
8|/////////|
9|/////////|
-|---------|
You stepped on a mine and failed
?[1;31m
Start test 12?[0m
How many mines do you want on the field?
> 1
 |123456789|
-|---------|
1|.........|
2|.........|
3|.........|
4|.........|
5|.........|
6|.........|
7|.........|
8|.........|
9|.........|
-|---------|
Set/delete mines marks (x and y coordinates):
> 9 3 free
 |123456789|
-|---------|
1|//1.1////|
2|//1.1////|
3|//111////|
4|/////////|
5|/////////|
6|/////////|
7|/////////|
8|/////////|
9|/////////|
-|---------|
Set/delete mines marks (x and y coordinates):
> 4 1 free
 |123456789|
-|---------|
1|//111////|
2|//1.1////|
3|//111////|
4|/////////|
5|/////////|
6|/////////|
7|/////////|
8|/////////|
9|/////////|
-|---------|
Congratulations! You found all mines!
?[1;31m
Start test 13?[0m
How many mines do you want on the field?
> 1
 |123456789|
-|---------|
1|.........|
2|.........|
3|.........|
4|.........|
5|.........|
6|.........|
7|.........|
8|.........|
9|.........|
-|---------|
Set/delete mines marks (x and y coordinates):
> 2 2 free
 |123456789|
-|---------|
1|/////////|
2|/////////|
3|/////////|
4|/////////|
5|/////////|
6|/////////|
7|/111/////|
8|/1.1/////|
9|/1.1/////|
-|---------|
Set/delete mines marks (x and y coordinates):
> 3 8 free
 |123456789|
-|---------|
1|/////////|
2|/////////|
3|/////////|
4|/////////|
5|/////////|
6|/////////|
7|/111/////|
8|/1X1/////|
9|/1.1/////|
-|---------|
You stepped on a mine and failed
?[1;31m
Start test 14?[0m
How many mines do you want on the field?
> 1
 |123456789|
-|---------|
1|.........|
2|.........|
3|.........|
4|.........|
5|.........|
6|.........|
7|.........|
8|.........|
9|.........|
-|---------|
Set/delete mines marks (x and y coordinates):
> 6 8 free
 |123456789|
-|---------|
1|/////////|
2|/////////|
3|////111//|
4|////1.1//|
5|////111//|
6|/////////|
7|/////////|
8|/////////|
9|/////////|
-|---------|
Congratulations! You found all mines!
?[1;31m
Start test 15?[0m
How many mines do you want on the field?
> 1
 |123456789|
-|---------|
1|.........|
2|.........|
3|.........|
4|.........|
5|.........|
6|.........|
7|.........|
8|.........|
9|.........|
-|---------|
Set/delete mines marks (x and y coordinates):
> 4 2 mine
 |123456789|
-|---------|
1|.........|
2|...*.....|
3|.........|
4|.........|
5|.........|
6|.........|
7|.........|
8|.........|
9|.........|
-|---------|
Congratulations! You found all mines!
?[1;31m
Start test 16?[0m
How many mines do you want on the field?
> 1
 |123456789|
-|---------|
1|.........|
2|.........|
3|.........|
4|.........|
5|.........|
6|.........|
7|.........|
8|.........|
9|.........|
-|---------|
Set/delete mines marks (x and y coordinates):
> 5 2 free
 |123456789|
-|---------|
1|/////////|
2|/////////|
3|/////////|
4|/////////|
5|/////////|
6|/////////|
7|///111///|
8|///1.1///|
9|///1.1///|
-|---------|
Set/delete mines marks (x and y coordinates):
> 5 8 mine
 |123456789|
-|---------|
1|/////////|
2|/////////|
3|/////////|
4|/////////|
5|/////////|
6|/////////|
7|///111///|
8|///1*1///|
9|///1.1///|
-|---------|
Congratulations! You found all mines!
?[1;31m
Start test 17?[0m
How many mines do you want on the field?
> 1
 |123456789|
-|---------|
1|.........|
2|.........|
3|.........|
4|.........|
5|.........|
6|.........|
7|.........|
8|.........|
9|.........|
-|---------|
Set/delete mines marks (x and y coordinates):
> 8 8 mine
 |123456789|
-|---------|
1|.........|
2|.........|
3|.........|
4|.........|
5|.........|
6|.........|
7|.........|
8|.......*.|
9|.........|
-|---------|
Congratulations! You found all mines!
?[1;31m
Start test 18?[0m
How many mines do you want on the field?
> 1
 |123456789|
-|---------|
1|.........|
2|.........|
3|.........|
4|.........|
5|.........|
6|.........|
7|.........|
8|.........|
9|.........|
-|---------|
Set/delete mines marks (x and y coordinates):
> 9 7 free
 |123456789|
-|---------|
1|/////////|
2|/////////|
3|/////////|
4|/////////|
5|/////////|
6|/////////|
7|111//////|
8|..1//////|
9|..1//////|
-|---------|
Set/delete mines marks (x and y coordinates):
> 2 8 free
 |123456789|
-|---------|
1|/////////|
2|/////////|
3|/////////|
4|/////////|
5|/////////|
6|/////////|
7|111//////|
8|.X1//////|
9|..1//////|
-|---------|
You stepped on a mine and failed
?[1;31m
Start test 19?[0m
How many mines do you want on the field?
> 1
 |123456789|
-|---------|
1|.........|
2|.........|
3|.........|
4|.........|
5|.........|
6|.........|
7|.........|
8|.........|
9|.........|
-|---------|
Set/delete mines marks (x and y coordinates):
> 8 4 mine
 |123456789|
-|---------|
1|.........|
2|.........|
3|.........|
4|.......*.|
5|.........|
6|.........|
7|.........|
8|.........|
9|.........|
-|---------|
Congratulations! You found all mines!
?[1;31m
Start test 20?[0m
How many mines do you want on the field?
> 1
 |123456789|
-|---------|
1|.........|
2|.........|
3|.........|
4|.........|
5|.........|
6|.........|
7|.........|
8|.........|
9|.........|
-|---------|
Set/delete mines marks (x and y coordinates):
> 5 9 free
 |123456789|
-|---------|
1|/////////|
2|/////////|
3|/////////|
4|/////////|
5|/////////|
6|////111//|
7|////1.1//|
8|////111//|
9|/////////|
-|---------|
Congratulations! You found all mines!
?[1;31m
Start test 21?[0m
How many mines do you want on the field?
> 2
 |123456789|
-|---------|
1|.........|
2|.........|
3|.........|
4|.........|
5|.........|
6|.........|
7|.........|
8|.........|
9|.........|
-|---------|
Set/delete mines marks (x and y coordinates):
> 9 8 free
 |123456789|
-|---------|
1|/////////|
2|////111//|
3|////1.1//|
4|///1221//|
5|///1.1///|
6|///111///|
7|/////////|
8|/////////|
9|/////////|
-|---------|
Congratulations! You found all mines!
?[1;31m
Start test 22?[0m
How many mines do you want on the field?
> 2
 |123456789|
-|---------|
1|.........|
2|.........|
3|.........|
4|.........|
5|.........|
6|.........|
7|.........|
8|.........|
9|.........|
-|---------|
Set/delete mines marks (x and y coordinates):
> 2 9 free
 |123456789|
-|---------|
1|.........|
2|.........|
3|.........|
4|.........|
5|.........|
6|.........|
7|.........|
8|.........|
9|.1.......|
-|---------|
Set/delete mines marks (x and y coordinates):
> 5 2 mine
 |123456789|
-|---------|
1|.........|
2|....*....|
3|.........|
4|.........|
5|.........|
6|.........|
7|.........|
8|.........|
9|.1.......|
-|---------|
Set/delete mines marks (x and y coordinates):
> 2 3 mine
 |123456789|
-|---------|
1|.........|
2|....*....|
3|.*.......|
4|.........|
5|.........|
6|.........|
7|.........|
8|.........|
9|.1.......|
-|---------|
Congratulations! You found all mines!
?[1;31m
Start test 23?[0m
How many mines do you want on the field?
> 2
 |123456789|
-|---------|
1|.........|
2|.........|
3|.........|
4|.........|
5|.........|
6|.........|
7|.........|
8|.........|
9|.........|
-|---------|
Set/delete mines marks (x and y coordinates):
> 6 4 free
 |123456789|
-|---------|
1|.........|
2|.........|
3|.........|
4|.....1...|
5|.........|
6|.........|
7|.........|
8|.........|
9|.........|
-|---------|
Set/delete mines marks (x and y coordinates):
> 9 6 free
 |123456789|
-|---------|
1|/////////|
2|/////111/|
3|/////1.1/|
4|/////111/|
5|/////////|
6|/111/////|
7|/1.1/////|
8|/111/////|
9|/////////|
-|---------|
Congratulations! You found all mines!
?[1;31m
Start test 24?[0m
How many mines do you want on the field?
> 2
 |123456789|
-|---------|
1|.........|
2|.........|
3|.........|
4|.........|
5|.........|
6|.........|
7|.........|
8|.........|
9|.........|
-|---------|
Set/delete mines marks (x and y coordinates):
> 7 5 mine
 |123456789|
-|---------|
1|.........|
2|.........|
3|.........|
4|.........|
5|......*..|
6|.........|
7|.........|
8|.........|
9|.........|
-|---------|
Set/delete mines marks (x and y coordinates):
> 7 3 free
]]></system-out>
  <system-err><![CDATA[]]></system-err>
</testsuite>
