<?xml version="1.0" encoding="UTF-8"?>
<testsuite name="MazeRunnerTest" tests="1" skipped="0" failures="0" errors="0" timestamp="2020-07-13T02:26:54" hostname="LAPTOP-016GJG3B" time="0.062">
  <properties/>
  <testcase name="start" classname="MazeRunnerTest" time="0.062"/>
  <system-out><![CDATA[?[1;31m
Start test 1?[0m
████████████████████
    ██  ██  ██    ██
██  ██      ██  ████
██      ██████      
██  ██          ████
██  ██  ██████  ████
██  ██  ██      ████
██  ██  ██████  ████
██  ██      ██    ██
████████████████████
]]></system-out>
  <system-err><![CDATA[]]></system-err>
</testsuite>
